{"meta": {"format": 3, "version": "7.13.2", "timestamp": "2026-02-12T23:47:05.771601", "branch_coverage": true, "show_contexts": false}, "files": {"src\\__init__.py": {"executed_lines": [], "summary": {"covered_lines": 0, "num_statements": 0, "percent_covered": 100.0, "percent_covered_display": "100.00", "missing_lines": 0, "excluded_lines": 0, "percent_statements_covered": 100.0, "percent_statements_covered_display": "100.00", "num_branches": 0, "num_partial_branches": 0, "covered_branches": 0, "missing_branches": 0, "percent_branches_covered": 100.0, "percent_branches_covered_display": "100.00"}, "missing_lines": [], "excluded_lines": [], "executed_branches": [], "missing_branches": [], "functions": {"": {"executed_lines": [], "summary": {"covered_lines": 0, "num_statements": 0, "percent_covered": 100.0, "percent_covered_display": "100.00", "missing_lines": 0, "excluded_lines": 0, "percent_statements_covered": 100.0, "percent_statements_covered_display": "100.00", "num_branches": 0, "num_partial_branches": 0, "covered_branches": 0, "missing_branches": 0, "percent_branches_covered": 100.0, "percent_branches_covered_display": "100.00"}, "missing_lines": [], "excluded_lines": [], "start_line": 1, "executed_branches": [], "missing_branches": []}}, "classes": {"": {"executed_lines": [], "summary": {"covered_lines": 0, "num_statements": 0, "percent_covered": 100.0, "percent_covered_display": "100.00", "missing_lines": 0, "excluded_lines": 0, "percent_statements_covered": 100.0, "percent_statements_covered_display": "100.00", "num_branches": 0, "num_partial_branches": 0, "covered_branches": 0, "missing_branches": 0, "percent_branches_covered": 100.0, "percent_branches_covered_display": "100.00"}, "missing_lines": [], "excluded_lines": [], "start_line": 1, "executed_branches": [], "missing_branches": []}}}, "src\\auth.py": {"executed_lines": [], "summary": {"covered_lines": 0, "num_statements": 43, "percent_covered": 0.0, "percent_covered_display": "0.00", "missing_lines": 43, "excluded_lines": 0, "percent_statements_covered": 0.0, "percent_statements_covered_display": "0.00", "num_branches": 8, "num_partial_branches": 0, "covered_branches": 0, "missing_branches": 8, "percent_branches_covered": 0.0, "percent_branches_covered_display": "0.00"}, "missing_lines": [2, 4, 5, 6, 8, 9, 10, 11, 13, 15, 20, 21, 23, 24, 29, 39, 40, 43, 44, 45, 46, 47, 48, 49, 55, 60, 61, 67, 75, 85, 86, 92, 93, 101, 102, 103, 105, 106, 107, 109, 110, 111, 113], "excluded_lines": [], "executed_branches": [], "missing_branches": [[45, 46], [45, 47], [47, 48], [47, 49], [106, 107], [106, 109], [110, 111], [110, 113]], "functions": {"verify_password": {"executed_lines": [], "summary": {"covered_lines": 0, "num_statements": 1, "percent_covered": 0.0, "percent_covered_display": "0.00", "missing_lines": 1, "excluded_lines": 0, "percent_statements_covered": 0.0, "percent_statements_covered_display": "0.00", "num_branches": 0, "num_partial_branches": 0, "covered_branches": 0, "missing_branches": 0, "percent_branches_covered": 100.0, "percent_branches_covered_display": "100.00"}, "missing_lines": [40], "excluded_lines": [], "start_line": 39, "executed_branches": [], "missing_branches": []}, "authenticate_user": {"executed_lines": [], "summary": {"covered_lines": 0, "num_statements": 6, "percent_covered": 0.0, "percent_covered_display": "0.00", "missing_lines": 6, "excluded_lines": 0, "percent_statements_covered": 0.0, "percent_statements_covered_display": "0.00", "num_branches": 4, "num_partial_branches": 0, "covered_branches": 0, "missing_branches": 4, "percent_branches_covered": 0.0, "percent_branches_covered_display": "0.00"}, "missing_lines": [44, 45, 46, 47, 48, 49], "excluded_lines": [], "start_line": 43, "executed_branches": [], "missing_branches": [[45, 46], [45, 47], [47, 48], [47, 49]]}, "create_access_token": {"executed_lines": [], "summary": {"covered_lines": 0, "num_statements": 4, "percent_covered": 0.0, "percent_covered_display": "0.00", "missing_lines": 4, "excluded_lines": 0, "percent_statements_covered": 0.0, "percent_statements_covered_display": "0.00", "num_branches": 0, "num_partial_branches": 0, "covered_branches": 0, "missing_branches": 0, "percent_branches_covered": 100.0, "percent_branches_covered_display": "100.00"}, "missing_lines": [60, 61, 67, 75], "excluded_lines": [], "start_line": 55, "executed_branches": [], "missing_branches": []}, "get_current_user": {"executed_lines": [], "summary": {"covered_lines": 0, "num_statements": 13, "percent_covered": 0.0, "percent_covered_display": "0.00", "missing_lines": 13, "excluded_lines": 0, "percent_statements_covered": 0.0, "percent_statements_covered_display": "0.00", "num_branches": 4, "num_partial_branches": 0, "covered_branches": 0, "missing_branches": 4, "percent_branches_covered": 0.0, "percent_branches_covered_display": "0.00"}, "missing_lines": [86, 92, 93, 101, 102, 103, 105, 106, 107, 109, 110, 111, 113], "excluded_lines": [], "start_line": 85, "executed_branches": [], "missing_branches": [[106, 107], [106, 109], [110, 111], [110, 113]]}, "": {"executed_lines": [], "summary": {"covered_lines": 0, "num_statements": 19, "percent_covered": 0.0, "percent_covered_display": "0.00", "missing_lines": 19, "excluded_lines": 0, "percent_statements_covered": 0.0, "percent_statements_covered_display": "0.00", "num_branches": 0, "num_partial_branches": 0, "covered_branches": 0, "missing_branches": 0, "percent_branches_covered": 100.0, "percent_branches_covered_display": "100.00"}, "missing_lines": [2, 4, 5, 6, 8, 9, 10, 11, 13, 15, 20, 21, 23, 24, 29, 39, 43, 55, 85], "excluded_lines": [], "start_line": 1, "executed_branches": [], "missing_branches": []}}, "classes": {"": {"executed_lines": [], "summary": {"covered_lines": 0, "num_statements": 43, "percent_covered": 0.0, "percent_covered_display": "0.00", "missing_lines": 43, "excluded_lines": 0, "percent_statements_covered": 0.0, "percent_statements_covered_display": "0.00", "num_branches": 8, "num_partial_branches": 0, "covered_branches": 0, "missing_branches": 8, "percent_branches_covered": 0.0, "percent_branches_covered_display": "0.00"}, "missing_lines": [2, 4, 5, 6, 8, 9, 10, 11, 13, 15, 20, 21, 23, 24, 29, 39, 40, 43, 44, 45, 46, 47, 48, 49, 55, 60, 61, 67, 75, 85, 86, 92, 93, 101, 102, 103, 105, 106, 107, 109, 110, 111, 113], "excluded_lines": [], "start_line": 1, "executed_branches": [], "missing_branches": [[45, 46], [45, 47], [47, 48], [47, 49], [106, 107], [106, 109], [110, 111], [110, 113]]}}}, "src\\backtester.py": {"executed_lines": [], "summary": {"covered_lines": 0, "num_statements": 60, "percent_covered": 0.0, "percent_covered_display": "0.00", "missing_lines": 60, "excluded_lines": 0, "percent_statements_covered": 0.0, "percent_statements_covered_display": "0.00", "num_branches": 16, "num_partial_branches": 0, "covered_branches": 0, "missing_branches": 16, "percent_branches_covered": 0.0, "percent_branches_covered_display": "0.00"}, "missing_lines": [2, 4, 6, 8, 10, 13, 23, 24, 27, 29, 30, 31, 33, 34, 35, 37, 38, 40, 41, 42, 43, 44, 46, 47, 49, 50, 51, 52, 54, 55, 57, 69, 70, 71, 73, 74, 75, 77, 78, 79, 81, 93, 94, 95, 96, 98, 99, 101, 102, 103, 107, 119, 120, 122, 124, 130, 131, 133, 134, 135], "excluded_lines": [], "executed_branches": [], "missing_branches": [[23, 24], [23, 29], [29, 30], [29, 33], [33, 34], [33, 37], [49, 50], [49, 122], [69, 70], [69, 93], [73, 49], [73, 74], [93, 49], [93, 94], [101, 102], [101, 107]], "functions": {"backtest_strategy": {"executed_lines": [], "summary": {"covered_lines": 0, "num_statements": 54, "percent_covered": 0.0, "percent_covered_display": "0.00", "missing_lines": 54, "excluded_lines": 0, "percent_statements_covered": 0.0, "percent_statements_covered_display": "0.00", "num_branches": 16, "num_partial_branches": 0, "covered_branches": 0, "missing_branches": 16, "percent_branches_covered": 0.0, "percent_branches_covered_display": "0.00"}, "missing_lines": [23, 24, 27, 29, 30, 31, 33, 34, 35, 37, 38, 40, 41, 42, 43, 44, 46, 47, 49, 50, 51, 52, 54, 55, 57, 69, 70, 71, 73, 74, 75, 77, 78, 79, 81, 93, 94, 95, 96, 98, 99, 101, 102, 103, 107, 119, 120, 122, 124, 130, 131, 133, 134, 135], "excluded_lines": [], "start_line": 13, "executed_branches": [], "missing_branches": [[23, 24], [23, 29], [29, 30], [29, 33], [33, 34], [33, 37], [49, 50], [49, 122], [69, 70], [69, 93], [73, 49], [73, 74], [93, 49], [93, 94], [101, 102], [101, 107]]}, "": {"executed_lines": [], "summary": {"covered_lines": 0, "num_statements": 6, "percent_covered": 0.0, "percent_covered_display": "0.00", "missing_lines": 6, "excluded_lines": 0, "percent_statements_covered": 0.0, "percent_statements_covered_display": "0.00", "num_branches": 0, "num_partial_branches": 0, "covered_branches": 0, "missing_branches": 0, "percent_branches_covered": 100.0, "percent_branches_covered_display": "100.00"}, "missing_lines": [2, 4, 6, 8, 10, 13], "excluded_lines": [], "start_line": 1, "executed_branches": [], "missing_branches": []}}, "classes": {"": {"executed_lines": [], "summary": {"covered_lines": 0, "num_statements": 60, "percent_covered": 0.0, "percent_covered_display": "0.00", "missing_lines": 60, "excluded_lines": 0, "percent_statements_covered": 0.0, "percent_statements_covered_display": "0.00", "num_branches": 16, "num_partial_branches": 0, "covered_branches": 0, "missing_branches": 16, "percent_branches_covered": 0.0, "percent_branches_covered_display": "0.00"}, "missing_lines": [2, 4, 6, 8, 10, 13, 23, 24, 27, 29, 30, 31, 33, 34, 35, 37, 38, 40, 41, 42, 43, 44, 46, 47, 49, 50, 51, 52, 54, 55, 57, 69, 70, 71, 73, 74, 75, 77, 78, 79, 81, 93, 94, 95, 96, 98, 99, 101, 102, 103, 107, 119, 120, 122, 124, 130, 131, 133, 134, 135], "excluded_lines": [], "start_line": 1, "executed_branches": [], "missing_branches": [[23, 24], [23, 29], [29, 30], [29, 33], [33, 34], [33, 37], [49, 50], [49, 122], [69, 70], [69, 93], [73, 49], [73, 74], [93, 49], [93, 94], [101, 102], [101, 107]]}}}, "src\\binance_manager.py": {"executed_lines": [], "summary": {"covered_lines": 0, "num_statements": 102, "percent_covered": 0.0, "percent_covered_display": "0.00", "missing_lines": 102, "excluded_lines": 2, "percent_statements_covered": 0.0, "percent_statements_covered_display": "0.00", "num_branches": 24, "num_partial_branches": 0, "covered_branches": 0, "missing_branches": 24, "percent_branches_covered": 0.0, "percent_branches_covered_display": "0.00"}, "missing_lines": [2, 4, 5, 6, 7, 9, 10, 11, 12, 13, 14, 16, 18, 19, 22, 32, 33, 34, 35, 37, 38, 42, 46, 47, 48, 50, 52, 53, 54, 56, 57, 58, 59, 66, 67, 68, 69, 70, 71, 72, 73, 74, 79, 88, 89, 91, 92, 93, 95, 113, 114, 116, 127, 129, 130, 132, 134, 135, 136, 138, 139, 140, 141, 142, 143, 144, 145, 147, 148, 149, 151, 162, 163, 168, 169, 170, 171, 172, 173, 174, 176, 177, 178, 179, 180, 182, 185, 186, 193, 194, 196, 197, 203, 204, 205, 206, 208, 209, 210, 211, 212, 213], "excluded_lines": [60, 61], "executed_branches": [], "missing_branches": [[37, 38], [37, 42], [52, 53], [52, 56], [57, -32], [57, 58], [67, 68], [67, 74], [88, 89], [88, 91], [139, 140], [139, 141], [141, 142], [141, 143], [143, 144], [143, 145], [169, 170], [169, 171], [173, 174], [173, 176], [185, 186], [185, 193], [193, 194], [193, 196]], "functions": {"BinanceManager.__init__": {"executed_lines": [], "summary": {"covered_lines": 0, "num_statements": 17, "percent_covered": 0.0, "percent_covered_display": "0.00", "missing_lines": 17, "excluded_lines": 2, "percent_statements_covered": 0.0, "percent_statements_covered_display": "0.00", "num_branches": 6, "num_partial_branches": 0, "covered_branches": 0, "missing_branches": 6, "percent_branches_covered": 0.0, "percent_branches_covered_display": "0.00"}, "missing_lines": [33, 34, 35, 37, 38, 42, 46, 47, 48, 50, 52, 53, 54, 56, 57, 58, 59], "excluded_lines": [60, 61], "start_line": 32, "executed_branches": [], "missing_branches": [[37, 38], [37, 42], [52, 53], [52, 56], [57, -32], [57, 58]]}, "BinanceManager._safe_ping": {"executed_lines": [], "summary": {"covered_lines": 0, "num_statements": 8, "percent_covered": 0.0, "percent_covered_display": "0.00", "missing_lines": 8, "excluded_lines": 0, "percent_statements_covered": 0.0, "percent_statements_covered_display": "0.00", "num_branches": 2, "num_partial_branches": 0, "covered_branches": 0, "missing_branches": 2, "percent_branches_covered": 0.0, "percent_branches_covered_display": "0.00"}, "missing_lines": [67, 68, 69, 70, 71, 72, 73, 74], "excluded_lines": [], "start_line": 66, "executed_branches": [], "missing_branches": [[67, 68], [67, 74]]}, "BinanceManager.get_latest_ohlcv": {"executed_lines": [], "summary": {"covered_lines": 0, "num_statements": 16, "percent_covered": 0.0, "percent_covered_display": "0.00", "missing_lines": 16, "excluded_lines": 0, "percent_statements_covered": 0.0, "percent_statements_covered_display": "0.00", "num_branches": 2, "num_partial_branches": 0, "covered_branches": 0, "missing_branches": 2, "percent_branches_covered": 0.0, "percent_branches_covered_display": "0.00"}, "missing_lines": [88, 89, 91, 92, 93, 95, 113, 114, 116, 127, 129, 130, 132, 134, 135, 136], "excluded_lines": [], "start_line": 79, "executed_branches": [], "missing_branches": [[88, 89], [88, 91]]}, "BinanceManager._interval_to_minutes": {"executed_lines": [], "summary": {"covered_lines": 0, "num_statements": 7, "percent_covered": 0.0, "percent_covered_display": "0.00", "missing_lines": 7, "excluded_lines": 0, "percent_statements_covered": 0.0, "percent_statements_covered_display": "0.00", "num_branches": 6, "num_partial_branches": 0, "covered_branches": 0, "missing_branches": 6, "percent_branches_covered": 0.0, "percent_branches_covered_display": "0.00"}, "missing_lines": [139, 140, 141, 142, 143, 144, 145], "excluded_lines": [], "start_line": 138, "executed_branches": [], "missing_branches": [[139, 140], [139, 141], [141, 142], [141, 143], [143, 144], [143, 145]]}, "BinanceManager._mock_ohlcv": {"executed_lines": [], "summary": {"covered_lines": 0, "num_statements": 5, "percent_covered": 0.0, "percent_covered_display": "0.00", "missing_lines": 5, "excluded_lines": 0, "percent_statements_covered": 0.0, "percent_statements_covered_display": "0.00", "num_branches": 0, "num_partial_branches": 0, "covered_branches": 0, "missing_branches": 0, "percent_branches_covered": 100.0, "percent_branches_covered_display": "100.00"}, "missing_lines": [148, 149, 151, 162, 163], "excluded_lines": [], "start_line": 147, "executed_branches": [], "missing_branches": []}, "BinanceManager.get_account_balance": {"executed_lines": [], "summary": {"covered_lines": 0, "num_statements": 11, "percent_covered": 0.0, "percent_covered_display": "0.00", "missing_lines": 11, "excluded_lines": 0, "percent_statements_covered": 0.0, "percent_statements_covered_display": "0.00", "num_branches": 4, "num_partial_branches": 0, "covered_branches": 0, "missing_branches": 4, "percent_branches_covered": 0.0, "percent_branches_covered_display": "0.00"}, "missing_lines": [169, 170, 171, 172, 173, 174, 176, 177, 178, 179, 180], "excluded_lines": [], "start_line": 168, "executed_branches": [], "missing_branches": [[169, 170], [169, 171], [173, 174], [173, 176]]}, "BinanceManager.place_market_order": {"executed_lines": [], "summary": {"covered_lines": 0, "num_statements": 10, "percent_covered": 0.0, "percent_covered_display": "0.00", "missing_lines": 10, "excluded_lines": 0, "percent_statements_covered": 0.0, "percent_statements_covered_display": "0.00", "num_branches": 4, "num_partial_branches": 0, "covered_branches": 0, "missing_branches": 4, "percent_branches_covered": 0.0, "percent_branches_covered_display": "0.00"}, "missing_lines": [185, 186, 193, 194, 196, 197, 203, 204, 205, 206], "excluded_lines": [], "start_line": 182, "executed_branches": [], "missing_branches": [[185, 186], [185, 193], [193, 194], [193, 196]]}, "BinanceManager.get_server_time": {"executed_lines": [], "summary": {"covered_lines": 0, "num_statements": 5, "percent_covered": 0.0, "percent_covered_display": "0.00", "missing_lines": 5, "excluded_lines": 0, "percent_statements_covered": 0.0, "percent_statements_covered_display": "0.00", "num_branches": 0, "num_partial_branches": 0, "covered_branches": 0, "missing_branches": 0, "percent_branches_covered": 100.0, "percent_branches_covered_display": "100.00"}, "missing_lines": [209, 210, 211, 212, 213], "excluded_lines": [], "start_line": 208, "executed_branches": [], "missing_branches": []}, "": {"executed_lines": [], "summary": {"covered_lines": 0, "num_statements": 23, "percent_covered": 0.0, "percent_covered_display": "0.00", "missing_lines": 23, "excluded_lines": 0, "percent_statements_covered": 0.0, "percent_statements_covered_display": "0.00", "num_branches": 0, "num_partial_branches": 0, "covered_branches": 0, "missing_branches": 0, "percent_branches_covered": 100.0, "percent_branches_covered_display": "100.00"}, "missing_lines": [2, 4, 5, 6, 7, 9, 10, 11, 12, 13, 14, 16, 18, 19, 22, 32, 66, 79, 138, 147, 168, 182, 208], "excluded_lines": [], "start_line": 1, "executed_branches": [], "missing_branches": []}}, "classes": {"BinanceManager": {"executed_lines": [], "summary": {"covered_lines": 0, "num_statements": 79, "percent_covered": 0.0, "percent_covered_display": "0.00", "missing_lines": 79, "excluded_lines": 2, "percent_statements_covered": 0.0, "percent_statements_covered_display": "0.00", "num_branches": 24, "num_partial_branches": 0, "covered_branches": 0, "missing_branches": 24, "percent_branches_covered": 0.0, "percent_branches_covered_display": "0.00"}, "missing_lines": [33, 34, 35, 37, 38, 42, 46, 47, 48, 50, 52, 53, 54, 56, 57, 58, 59, 67, 68, 69, 70, 71, 72, 73, 74, 88, 89, 91, 92, 93, 95, 113, 114, 116, 127, 129, 130, 132, 134, 135, 136, 139, 140, 141, 142, 143, 144, 145, 148, 149, 151, 162, 163, 169, 170, 171, 172, 173, 174, 176, 177, 178, 179, 180, 185, 186, 193, 194, 196, 197, 203, 204, 205, 206, 209, 210, 211, 212, 213], "excluded_lines": [60, 61], "start_line": 22, "executed_branches": [], "missing_branches": [[37, 38], [37, 42], [52, 53], [52, 56], [57, -32], [57, 58], [67, 68], [67, 74], [88, 89], [88, 91], [139, 140], [139, 141], [141, 142], [141, 143], [143, 144], [143, 145], [169, 170], [169, 171], [173, 174], [173, 176], [185, 186], [185, 193], [193, 194], [193, 196]]}, "": {"executed_lines": [], "summary": {"covered_lines": 0, "num_statements": 23, "percent_covered": 0.0, "percent_covered_display": "0.00", "missing_lines": 23, "excluded_lines": 0, "percent_statements_covered": 0.0, "percent_statements_covered_display": "0.00", "num_branches": 0, "num_partial_branches": 0, "covered_branches": 0, "missing_branches": 0, "percent_branches_covered": 100.0, "percent_branches_covered_display": "100.00"}, "missing_lines": [2, 4, 5, 6, 7, 9, 10, 11, 12, 13, 14, 16, 18, 19, 22, 32, 66, 79, 138, 147, 168, 182, 208], "excluded_lines": [], "start_line": 1, "executed_branches": [], "missing_branches": []}}}, "src\\bot_runner.py": {"executed_lines": [], "summary": {"covered_lines": 0, "num_statements": 206, "percent_covered": 0.0, "percent_covered_display": "0.00", "missing_lines": 206, "excluded_lines": 2, "percent_statements_covered": 0.0, "percent_statements_covered_display": "0.00", "num_branches": 44, "num_partial_branches": 0, "covered_branches": 0, "missing_branches": 44, "percent_branches_covered": 0.0, "percent_branches_covered_display": "0.00"}, "missing_lines": [2, 4, 5, 6, 7, 8, 9, 10, 11, 13, 14, 15, 17, 18, 19, 20, 21, 22, 23, 24, 25, 27, 28, 30, 31, 37, 38, 44, 47, 48, 49, 51, 53, 54, 55, 57, 65, 66, 68, 69, 70, 71, 72, 78, 79, 80, 81, 84, 86, 92, 100, 101, 102, 103, 105, 108, 109, 110, 113, 114, 115, 116, 119, 120, 121, 122, 124, 125, 126, 127, 128, 129, 130, 131, 137, 138, 147, 149, 150, 151, 152, 155, 156, 157, 158, 159, 160, 163, 164, 167, 168, 169, 170, 173, 175, 177, 178, 179, 181, 182, 183, 186, 188, 189, 190, 191, 192, 193, 194, 197, 198, 199, 200, 202, 204, 205, 206, 207, 209, 211, 213, 216, 218, 219, 221, 228, 229, 237, 239, 240, 241, 248, 249, 257, 259, 262, 263, 264, 265, 272, 273, 274, 275, 276, 277, 278, 279, 280, 282, 288, 292, 293, 294, 296, 297, 299, 300, 301, 303, 305, 306, 307, 308, 309, 311, 313, 314, 315, 316, 317, 318, 320, 322, 323, 324, 325, 326, 328, 330, 331, 332, 334, 335, 336, 338, 339, 340, 341, 343, 344, 345, 351, 355, 356, 357, 358, 359, 360, 361, 362, 365, 366, 367, 369, 370, 372], "excluded_lines": [375, 376], "executed_branches": [], "missing_branches": [[48, 49], [48, 51], [79, 80], [79, 81], [102, 103], [102, 105], [121, 122], [121, 124], [168, 169], [168, 173], [181, 182], [181, 186], [197, 198], [197, 199], [199, 200], [199, 202], [204, 205], [204, 206], [206, 207], [206, 209], [218, 219], [218, 239], [228, 229], [228, 262], [239, 240], [239, 259], [248, 249], [248, 262], [262, 263], [262, 282], [277, 278], [277, 282], [313, 314], [313, 343], [314, 315], [314, 316], [316, 317], [316, 334], [334, 335], [334, 338], [344, -288], [344, 345], [369, 370], [369, 372]], "functions": {"lifespan": {"executed_lines": [], "summary": {"covered_lines": 0, "num_statements": 16, "percent_covered": 0.0, "percent_covered_display": "0.00", "missing_lines": 16, "excluded_lines": 0, "percent_statements_covered": 0.0, "percent_statements_covered_display": "0.00", "num_branches": 2, "num_partial_branches": 0, "covered_branches": 0, "missing_branches": 2, "percent_branches_covered": 0.0, "percent_branches_covered_display": "0.00"}, "missing_lines": [44, 47, 48, 49, 51, 53, 54, 55, 57, 65, 66, 68, 69, 70, 71, 72], "excluded_lines": [], "start_line": 38, "executed_branches": [], "missing_branches": [[48, 49], [48, 51]]}, "is_time_to_run": {"executed_lines": [], "summary": {"covered_lines": 0, "num_statements": 3, "percent_covered": 0.0, "percent_covered_display": "0.00", "missing_lines": 3, "excluded_lines": 0, "percent_statements_covered": 0.0, "percent_statements_covered_display": "0.00", "num_branches": 2, "num_partial_branches": 0, "covered_branches": 0, "missing_branches": 2, "percent_branches_covered": 0.0, "percent_branches_covered_display": "0.00"}, "missing_lines": [79, 80, 81], "excluded_lines": [], "start_line": 78, "executed_branches": [], "missing_branches": [[79, 80], [79, 81]]}, "should_skip_if_running": {"executed_lines": [], "summary": {"covered_lines": 0, "num_statements": 1, "percent_covered": 0.0, "percent_covered_display": "0.00", "missing_lines": 1, "excluded_lines": 0, "percent_statements_covered": 0.0, "percent_statements_covered_display": "0.00", "num_branches": 0, "num_partial_branches": 0, "covered_branches": 0, "missing_branches": 0, "percent_branches_covered": 100.0, "percent_branches_covered_display": "100.00"}, "missing_lines": [86], "excluded_lines": [], "start_line": 84, "executed_branches": [], "missing_branches": []}, "notify_all_channels": {"executed_lines": [], "summary": {"covered_lines": 0, "num_statements": 24, "percent_covered": 0.0, "percent_covered_display": "0.00", "missing_lines": 24, "excluded_lines": 0, "percent_statements_covered": 0.0, "percent_statements_covered_display": "0.00", "num_branches": 4, "num_partial_branches": 0, "covered_branches": 0, "missing_branches": 4, "percent_branches_covered": 0.0, "percent_branches_covered_display": "0.00"}, "missing_lines": [100, 101, 102, 103, 105, 108, 109, 110, 113, 114, 115, 116, 119, 120, 121, 122, 124, 125, 126, 127, 128, 129, 130, 131], "excluded_lines": [], "start_line": 92, "executed_branches": [], "missing_branches": [[102, 103], [102, 105], [121, 122], [121, 124]]}, "do_iteration": {"executed_lines": [], "summary": {"covered_lines": 0, "num_statements": 73, "percent_covered": 0.0, "percent_covered_display": "0.00", "missing_lines": 73, "excluded_lines": 0, "percent_statements_covered": 0.0, "percent_statements_covered_display": "0.00", "num_branches": 24, "num_partial_branches": 0, "covered_branches": 0, "missing_branches": 24, "percent_branches_covered": 0.0, "percent_branches_covered_display": "0.00"}, "missing_lines": [147, 149, 150, 151, 152, 155, 156, 157, 158, 159, 160, 163, 164, 167, 168, 169, 170, 173, 175, 177, 178, 179, 181, 182, 183, 186, 188, 189, 190, 191, 192, 193, 194, 197, 198, 199, 200, 202, 204, 205, 206, 207, 209, 211, 213, 216, 218, 219, 221, 228, 229, 237, 239, 240, 241, 248, 249, 257, 259, 262, 263, 264, 265, 272, 273, 274, 275, 276, 277, 278, 279, 280, 282], "excluded_lines": [], "start_line": 138, "executed_branches": [], "missing_branches": [[168, 169], [168, 173], [181, 182], [181, 186], [197, 198], [197, 199], [199, 200], [199, 202], [204, 205], [204, 206], [206, 207], [206, 209], [218, 219], [218, 239], [228, 229], [228, 262], [239, 240], [239, 259], [248, 249], [248, 262], [262, 263], [262, 282], [277, 278], [277, 282]]}, "runner_loop": {"executed_lines": [], "summary": {"covered_lines": 0, "num_statements": 39, "percent_covered": 0.0, "percent_covered_display": "0.00", "missing_lines": 39, "excluded_lines": 0, "percent_statements_covered": 0.0, "percent_statements_covered_display": "0.00", "num_branches": 10, "num_partial_branches": 0, "covered_branches": 0, "missing_branches": 10, "percent_branches_covered": 0.0, "percent_branches_covered_display": "0.00"}, "missing_lines": [292, 293, 294, 296, 297, 299, 303, 305, 306, 307, 308, 309, 311, 313, 314, 315, 316, 317, 318, 320, 322, 323, 324, 325, 326, 328, 330, 331, 332, 334, 335, 336, 338, 339, 340, 341, 343, 344, 345], "excluded_lines": [], "start_line": 288, "executed_branches": [], "missing_branches": [[313, 314], [313, 343], [314, 315], [314, 316], [316, 317], [316, 334], [334, 335], [334, 338], [344, -288], [344, 345]]}, "runner_loop._stop_signal": {"executed_lines": [], "summary": {"covered_lines": 0, "num_statements": 2, "percent_covered": 0.0, "percent_covered_display": "0.00", "missing_lines": 2, "excluded_lines": 0, "percent_statements_covered": 0.0, "percent_statements_covered_display": "0.00", "num_branches": 0, "num_partial_branches": 0, "covered_branches": 0, "missing_branches": 0, "percent_branches_covered": 100.0, "percent_branches_covered_display": "100.00"}, "missing_lines": [300, 301], "excluded_lines": [], "start_line": 299, "executed_branches": [], "missing_branches": []}, "run_once_test": {"executed_lines": [], "summary": {"covered_lines": 0, "num_statements": 8, "percent_covered": 0.0, "percent_covered_display": "0.00", "missing_lines": 8, "excluded_lines": 0, "percent_statements_covered": 0.0, "percent_statements_covered_display": "0.00", "num_branches": 0, "num_partial_branches": 0, "covered_branches": 0, "missing_branches": 0, "percent_branches_covered": 100.0, "percent_branches_covered_display": "100.00"}, "missing_lines": [355, 356, 357, 358, 359, 360, 361, 362], "excluded_lines": [], "start_line": 351, "executed_branches": [], "missing_branches": []}, "main": {"executed_lines": [], "summary": {"covered_lines": 0, "num_statements": 5, "percent_covered": 0.0, "percent_covered_display": "0.00", "missing_lines": 5, "excluded_lines": 0, "percent_statements_covered": 0.0, "percent_statements_covered_display": "0.00", "num_branches": 2, "num_partial_branches": 0, "covered_branches": 0, "missing_branches": 2, "percent_branches_covered": 0.0, "percent_branches_covered_display": "0.00"}, "missing_lines": [366, 367, 369, 370, 372], "excluded_lines": [], "start_line": 365, "executed_branches": [], "missing_branches": [[369, 370], [369, 372]]}, "": {"executed_lines": [], "summary": {"covered_lines": 0, "num_statements": 35, "percent_covered": 0.0, "percent_covered_display": "0.00", "missing_lines": 35, "excluded_lines": 2, "percent_statements_covered": 0.0, "percent_statements_covered_display": "0.00", "num_branches": 0, "num_partial_branches": 0, "covered_branches": 0, "missing_branches": 0, "percent_branches_covered": 100.0, "percent_branches_covered_display": "100.00"}, "missing_lines": [2, 4, 5, 6, 7, 8, 9, 10, 11, 13, 14, 15, 17, 18, 19, 20, 21, 22, 23, 24, 25, 27, 28, 30, 31, 37, 38, 78, 84, 92, 137, 138, 288, 351, 365], "excluded_lines": [375, 376], "start_line": 1, "executed_branches": [], "missing_branches": []}}, "classes": {"": {"executed_lines": [], "summary": {"covered_lines": 0, "num_statements": 206, "percent_covered": 0.0, "percent_covered_display": "0.00", "missing_lines": 206, "excluded_lines": 2, "percent_statements_covered": 0.0, "percent_statements_covered_display": "0.00", "num_branches": 44, "num_partial_branches": 0, "covered_branches": 0, "missing_branches": 44, "percent_branches_covered": 0.0, "percent_branches_covered_display": "0.00"}, "missing_lines": [2, 4, 5, 6, 7, 8, 9, 10, 11, 13, 14, 15, 17, 18, 19, 20, 21, 22, 23, 24, 25, 27, 28, 30, 31, 37, 38, 44, 47, 48, 49, 51, 53, 54, 55, 57, 65, 66, 68, 69, 70, 71, 72, 78, 79, 80, 81, 84, 86, 92, 100, 101, 102, 103, 105, 108, 109, 110, 113, 114, 115, 116, 119, 120, 121, 122, 124, 125, 126, 127, 128, 129, 130, 131, 137, 138, 147, 149, 150, 151, 152, 155, 156, 157, 158, 159, 160, 163, 164, 167, 168, 169, 170, 173, 175, 177, 178, 179, 181, 182, 183, 186, 188, 189, 190, 191, 192, 193, 194, 197, 198, 199, 200, 202, 204, 205, 206, 207, 209, 211, 213, 216, 218, 219, 221, 228, 229, 237, 239, 240, 241, 248, 249, 257, 259, 262, 263, 264, 265, 272, 273, 274, 275, 276, 277, 278, 279, 280, 282, 288, 292, 293, 294, 296, 297, 299, 300, 301, 303, 305, 306, 307, 308, 309, 311, 313, 314, 315, 316, 317, 318, 320, 322, 323, 324, 325, 326, 328, 330, 331, 332, 334, 335, 336, 338, 339, 340, 341, 343, 344, 345, 351, 355, 356, 357, 358, 359, 360, 361, 362, 365, 366, 367, 369, 370, 372], "excluded_lines": [375, 376], "start_line": 1, "executed_branches": [], "missing_branches": [[48, 49], [48, 51], [79, 80], [79, 81], [102, 103], [102, 105], [121, 122], [121, 124], [168, 169], [168, 173], [181, 182], [181, 186], [197, 198], [197, 199], [199, 200], [199, 202], [204, 205], [204, 206], [206, 207], [206, 209], [218, 219], [218, 239], [228, 229], [228, 262], [239, 240], [239, 259], [248, 249], [248, 262], [262, 263], [262, 282], [277, 278], [277, 282], [313, 314], [313, 343], [314, 315], [314, 316], [316, 317], [316, 334], [334, 335], [334, 338], [344, -288], [344, 345], [369, 370], [369, 372]]}}}, "src\\check_db_connection.py": {"executed_lines": [], "summary": {"covered_lines": 0, "num_statements": 21, "percent_covered": 0.0, "percent_covered_display": "0.00", "missing_lines": 21, "excluded_lines": 4, "percent_statements_covered": 0.0, "percent_statements_covered_display": "0.00", "num_branches": 4, "num_partial_branches": 0, "covered_branches": 0, "missing_branches": 4, "percent_branches_covered": 0.0, "percent_branches_covered_display": "0.00"}, "missing_lines": [3, 4, 5, 7, 8, 10, 13, 14, 15, 16, 18, 20, 21, 22, 23, 24, 25, 26, 27, 28, 29], "excluded_lines": [32, 33, 37, 38], "executed_branches": [], "missing_branches": [[15, 16], [15, 18], [20, 21], [20, 29]], "functions": {"wait_for_postgres": {"executed_lines": [], "summary": {"covered_lines": 0, "num_statements": 14, "percent_covered": 0.0, "percent_covered_display": "0.00", "missing_lines": 14, "excluded_lines": 0, "percent_statements_covered": 0.0, "percent_statements_covered_display": "0.00", "num_branches": 4, "num_partial_branches": 0, "covered_branches": 0, "missing_branches": 4, "percent_branches_covered": 0.0, "percent_branches_covered_display": "0.00"}, "missing_lines": [14, 15, 16, 18, 20, 21, 22, 23, 24, 25, 26, 27, 28, 29], "excluded_lines": [], "start_line": 13, "executed_branches": [], "missing_branches": [[15, 16], [15, 18], [20, 21], [20, 29]]}, "": {"executed_lines": [], "summary": {"covered_lines": 0, "num_statements": 7, "percent_covered": 0.0, "percent_covered_display": "0.00", "missing_lines": 7, "excluded_lines": 4, "percent_statements_covered": 0.0, "percent_statements_covered_display": "0.00", "num_branches": 0, "num_partial_branches": 0, "covered_branches": 0, "missing_branches": 0, "percent_branches_covered": 100.0, "percent_branches_covered_display": "100.00"}, "missing_lines": [3, 4, 5, 7, 8, 10, 13], "excluded_lines": [32, 33, 37, 38], "start_line": 1, "executed_branches": [], "missing_branches": []}}, "classes": {"": {"executed_lines": [], "summary": {"covered_lines": 0, "num_statements": 21, "percent_covered": 0.0, "percent_covered_display": "0.00", "missing_lines": 21, "excluded_lines": 4, "percent_statements_covered": 0.0, "percent_statements_covered_display": "0.00", "num_branches": 4, "num_partial_branches": 0, "covered_branches": 0, "missing_branches": 4, "percent_branches_covered": 0.0, "percent_branches_covered_display": "0.00"}, "missing_lines": [3, 4, 5, 7, 8, 10, 13, 14, 15, 16, 18, 20, 21, 22, 23, 24, 25, 26, 27, 28, 29], "excluded_lines": [32, 33, 37, 38], "start_line": 1, "executed_branches": [], "missing_branches": [[15, 16], [15, 18], [20, 21], [20, 29]]}}}, "src\\config.py": {"executed_lines": [2, 4, 5, 8, 9, 10, 13, 14, 15, 18, 19, 20, 23, 24, 26, 27, 28, 31, 36, 37, 40, 41, 42, 45, 46, 47, 48, 51, 52, 55, 56, 57, 58, 59, 60, 62, 63, 66, 67, 68, 69, 71, 88, 89, 90, 91, 92, 93, 94, 97, 98, 99, 103, 108, 109, 110, 113, 116, 117, 118, 120, 121, 122, 125, 126, 127, 128, 129, 130, 131, 132, 135, 136, 137, 138, 139, 140, 143, 144, 145, 148, 149, 150, 151, 152, 155, 156, 161, 162], "summary": {"covered_lines": 89, "num_statements": 89, "percent_covered": 100.0, "percent_covered_display": "100.00", "missing_lines": 0, "excluded_lines": 0, "percent_statements_covered": 100.0, "percent_statements_covered_display": "100.00", "num_branches": 0, "num_partial_branches": 0, "covered_branches": 0, "missing_branches": 0, "percent_branches_covered": 100.0, "percent_branches_covered_display": "100.00"}, "missing_lines": [], "excluded_lines": [], "executed_branches": [], "missing_branches": [], "functions": {"get_env_str": {"executed_lines": [9, 10], "summary": {"covered_lines": 2, "num_statements": 2, "percent_covered": 100.0, "percent_covered_display": "100.00", "missing_lines": 0, "excluded_lines": 0, "percent_statements_covered": 100.0, "percent_statements_covered_display": "100.00", "num_branches": 0, "num_partial_branches": 0, "covered_branches": 0, "missing_branches": 0, "percent_branches_covered": 100.0, "percent_branches_covered_display": "100.00"}, "missing_lines": [], "excluded_lines": [], "start_line": 8, "executed_branches": [], "missing_branches": []}, "get_env_int": {"executed_lines": [14, 15], "summary": {"covered_lines": 2, "num_statements": 2, "percent_covered": 100.0, "percent_covered_display": "100.00", "missing_lines": 0, "excluded_lines": 0, "percent_statements_covered": 100.0, "percent_statements_covered_display": "100.00", "num_branches": 0, "num_partial_branches": 0, "covered_branches": 0, "missing_branches": 0, "percent_branches_covered": 100.0, "percent_branches_covered_display": "100.00"}, "missing_lines": [], "excluded_lines": [], "start_line": 13, "executed_branches": [], "missing_branches": []}, "get_env_float": {"executed_lines": [19, 20], "summary": {"covered_lines": 2, "num_statements": 2, "percent_covered": 100.0, "percent_covered_display": "100.00", "missing_lines": 0, "excluded_lines": 0, "percent_statements_covered": 100.0, "percent_statements_covered_display": "100.00", "num_branches": 0, "num_partial_branches": 0, "covered_branches": 0, "missing_branches": 0, "percent_branches_covered": 100.0, "percent_branches_covered_display": "100.00"}, "missing_lines": [], "excluded_lines": [], "start_line": 18, "executed_branches": [], "missing_branches": []}, "": {"executed_lines": [2, 4, 5, 8, 13, 18, 23, 24, 26, 27, 28, 31, 36, 37, 40, 41, 42, 45, 46, 47, 48, 51, 52, 55, 56, 57, 58, 59, 60, 62, 63, 66, 67, 68, 69, 71, 88, 89, 90, 91, 92, 93, 94, 97, 98, 99, 103, 108, 109, 110, 113, 116, 117, 118, 120, 121, 122, 125, 126, 127, 128, 129, 130, 131, 132, 135, 136, 137, 138, 139, 140, 143, 144, 145, 148, 149, 150, 151, 152, 155, 156, 161, 162], "summary": {"covered_lines": 83, "num_statements": 83, "percent_covered": 100.0, "percent_covered_display": "100.00", "missing_lines": 0, "excluded_lines": 0, "percent_statements_covered": 100.0, "percent_statements_covered_display": "100.00", "num_branches": 0, "num_partial_branches": 0, "covered_branches": 0, "missing_branches": 0, "percent_branches_covered": 100.0, "percent_branches_covered_display": "100.00"}, "missing_lines": [], "excluded_lines": [], "start_line": 1, "executed_branches": [], "missing_branches": []}}, "classes": {"Config": {"executed_lines": [], "summary": {"covered_lines": 0, "num_statements": 0, "percent_covered": 100.0, "percent_covered_display": "100.00", "missing_lines": 0, "excluded_lines": 0, "percent_statements_covered": 100.0, "percent_statements_covered_display": "100.00", "num_branches": 0, "num_partial_branches": 0, "covered_branches": 0, "missing_branches": 0, "percent_branches_covered": 100.0, "percent_branches_covered_display": "100.00"}, "missing_lines": [], "excluded_lines": [], "start_line": 24, "executed_branches": [], "missing_branches": []}, "": {"executed_lines": [2, 4, 5, 8, 9, 10, 13, 14, 15, 18, 19, 20, 23, 24, 26, 27, 28, 31, 36, 37, 40, 41, 42, 45, 46, 47, 48, 51, 52, 55, 56, 57, 58, 59, 60, 62, 63, 66, 67, 68, 69, 71, 88, 89, 90, 91, 92, 93, 94, 97, 98, 99, 103, 108, 109, 110, 113, 116, 117, 118, 120, 121, 122, 125, 126, 127, 128, 129, 130, 131, 132, 135, 136, 137, 138, 139, 140, 143, 144, 145, 148, 149, 150, 151, 152, 155, 156, 161, 162], "summary": {"covered_lines": 89, "num_statements": 89, "percent_covered": 100.0, "percent_covered_display": "100.00", "missing_lines": 0, "excluded_lines": 0, "percent_statements_covered": 100.0, "percent_statements_covered_display": "100.00", "num_branches": 0, "num_partial_branches": 0, "covered_branches": 0, "missing_branches": 0, "percent_branches_covered": 100.0, "percent_branches_covered_display": "100.00"}, "missing_lines": [], "excluded_lines": [], "start_line": 1, "executed_branches": [], "missing_branches": []}}}, "src\\data_loader.py": {"executed_lines": [3, 4, 5, 7, 8, 9, 11, 13, 15, 25, 41, 42, 43, 44, 48, 53, 54, 55, 58, 59, 62, 65, 69, 72, 73, 74, 79, 81, 82, 84, 85], "summary": {"covered_lines": 31, "num_statements": 35, "percent_covered": 85.36585365853658, "percent_covered_display": "85.37", "missing_lines": 4, "excluded_lines": 0, "percent_statements_covered": 88.57142857142857, "percent_statements_covered_display": "88.57", "num_branches": 6, "num_partial_branches": 2, "covered_branches": 4, "missing_branches": 2, "percent_branches_covered": 66.66666666666667, "percent_branches_covered_display": "66.67"}, "missing_lines": [49, 50, 51, 66], "excluded_lines": [], "executed_branches": [[54, 55], [54, 58], [65, 69], [73, 74]], "missing_branches": [[65, 66], [73, 84]], "functions": {"load_and_preprocess_data": {"executed_lines": [41, 42, 43, 44, 48, 53, 54, 55, 58, 59, 62, 65, 69, 72, 73, 74, 79, 81, 82, 84, 85], "summary": {"covered_lines": 21, "num_statements": 25, "percent_covered": 80.64516129032258, "percent_covered_display": "80.65", "missing_lines": 4, "excluded_lines": 0, "percent_statements_covered": 84.0, "percent_statements_covered_display": "84.00", "num_branches": 6, "num_partial_branches": 2, "covered_branches": 4, "missing_branches": 2, "percent_branches_covered": 66.66666666666667, "percent_branches_covered_display": "66.67"}, "missing_lines": [49, 50, 51, 66], "excluded_lines": [], "start_line": 25, "executed_branches": [[54, 55], [54, 58], [65, 69], [73, 74]], "missing_branches": [[65, 66], [73, 84]]}, "": {"executed_lines": [3, 4, 5, 7, 8, 9, 11, 13, 15, 25], "summary": {"covered_lines": 10, "num_statements": 10, "percent_covered": 100.0, "percent_covered_display": "100.00", "missing_lines": 0, "excluded_lines": 0, "percent_statements_covered": 100.0, "percent_statements_covered_display": "100.00", "num_branches": 0, "num_partial_branches": 0, "covered_branches": 0, "missing_branches": 0, "percent_branches_covered": 100.0, "percent_branches_covered_display": "100.00"}, "missing_lines": [], "excluded_lines": [], "start_line": 1, "executed_branches": [], "missing_branches": []}}, "classes": {"": {"executed_lines": [3, 4, 5, 7, 8, 9, 11, 13, 15, 25, 41, 42, 43, 44, 48, 53, 54, 55, 58, 59, 62, 65, 69, 72, 73, 74, 79, 81, 82, 84, 85], "summary": {"covered_lines": 31, "num_statements": 35, "percent_covered": 85.36585365853658, "percent_covered_display": "85.37", "missing_lines": 4, "excluded_lines": 0, "percent_statements_covered": 88.57142857142857, "percent_statements_covered_display": "88.57", "num_branches": 6, "num_partial_branches": 2, "covered_branches": 4, "missing_branches": 2, "percent_branches_covered": 66.66666666666667, "percent_branches_covered_display": "66.67"}, "missing_lines": [49, 50, 51, 66], "excluded_lines": [], "start_line": 1, "executed_branches": [[54, 55], [54, 58], [65, 69], [73, 74]], "missing_branches": [[65, 66], [73, 84]]}}}, "src\\db.py": {"executed_lines": [2, 4, 5, 6, 8, 9, 10, 12, 14, 21, 30, 33, 35, 36, 37, 38, 39, 41, 47, 48, 49, 50, 57, 64, 75, 88], "summary": {"covered_lines": 26, "num_statements": 31, "percent_covered": 83.87096774193549, "percent_covered_display": "83.87", "missing_lines": 5, "excluded_lines": 0, "percent_statements_covered": 83.87096774193549, "percent_statements_covered_display": "83.87", "num_branches": 0, "num_partial_branches": 0, "covered_branches": 0, "missing_branches": 0, "percent_branches_covered": 100.0, "percent_branches_covered_display": "100.00"}, "missing_lines": [81, 92, 93, 94, 96], "excluded_lines": [], "executed_branches": [], "missing_branches": [], "functions": {"init_db": {"executed_lines": [], "summary": {"covered_lines": 0, "num_statements": 1, "percent_covered": 0.0, "percent_covered_display": "0.00", "missing_lines": 1, "excluded_lines": 0, "percent_statements_covered": 0.0, "percent_statements_covered_display": "0.00", "num_branches": 0, "num_partial_branches": 0, "covered_branches": 0, "missing_branches": 0, "percent_branches_covered": 100.0, "percent_branches_covered_display": "100.00"}, "missing_lines": [81], "excluded_lines": [], "start_line": 75, "executed_branches": [], "missing_branches": []}, "get_db": {"executed_lines": [], "summary": {"covered_lines": 0, "num_statements": 4, "percent_covered": 0.0, "percent_covered_display": "0.00", "missing_lines": 4, "excluded_lines": 0, "percent_statements_covered": 0.0, "percent_statements_covered_display": "0.00", "num_branches": 0, "num_partial_branches": 0, "covered_branches": 0, "missing_branches": 0, "percent_branches_covered": 100.0, "percent_branches_covered_display": "100.00"}, "missing_lines": [92, 93, 94, 96], "excluded_lines": [], "start_line": 88, "executed_branches": [], "missing_branches": []}, "": {"executed_lines": [2, 4, 5, 6, 8, 9, 10, 12, 14, 21, 30, 33, 35, 36, 37, 38, 39, 41, 47, 48, 49, 50, 57, 64, 75, 88], "summary": {"covered_lines": 26, "num_statements": 26, "percent_covered": 100.0, "percent_covered_display": "100.00", "missing_lines": 0, "excluded_lines": 0, "percent_statements_covered": 100.0, "percent_statements_covered_display": "100.00", "num_branches": 0, "num_partial_branches": 0, "covered_branches": 0, "missing_branches": 0, "percent_branches_covered": 100.0, "percent_branches_covered_display": "100.00"}, "missing_lines": [], "excluded_lines": [], "start_line": 1, "executed_branches": [], "missing_branches": []}}, "classes": {"Base": {"executed_lines": [], "summary": {"covered_lines": 0, "num_statements": 0, "percent_covered": 100.0, "percent_covered_display": "100.00", "missing_lines": 0, "excluded_lines": 0, "percent_statements_covered": 100.0, "percent_statements_covered_display": "100.00", "num_branches": 0, "num_partial_branches": 0, "covered_branches": 0, "missing_branches": 0, "percent_branches_covered": 100.0, "percent_branches_covered_display": "100.00"}, "missing_lines": [], "excluded_lines": [], "start_line": 21, "executed_branches": [], "missing_branches": []}, "Trade": {"executed_lines": [], "summary": {"covered_lines": 0, "num_statements": 0, "percent_covered": 100.0, "percent_covered_display": "100.00", "missing_lines": 0, "excluded_lines": 0, "percent_statements_covered": 100.0, "percent_statements_covered_display": "100.00", "num_branches": 0, "num_partial_branches": 0, "covered_branches": 0, "missing_branches": 0, "percent_branches_covered": 100.0, "percent_branches_covered_display": "100.00"}, "missing_lines": [], "excluded_lines": [], "start_line": 30, "executed_branches": [], "missing_branches": []}, "": {"executed_lines": [2, 4, 5, 6, 8, 9, 10, 12, 14, 21, 30, 33, 35, 36, 37, 38, 39, 41, 47, 48, 49, 50, 57, 64, 75, 88], "summary": {"covered_lines": 26, "num_statements": 31, "percent_covered": 83.87096774193549, "percent_covered_display": "83.87", "missing_lines": 5, "excluded_lines": 0, "percent_statements_covered": 83.87096774193549, "percent_statements_covered_display": "83.87", "num_branches": 0, "num_partial_branches": 0, "covered_branches": 0, "missing_branches": 0, "percent_branches_covered": 100.0, "percent_branches_covered_display": "100.00"}, "missing_lines": [81, 92, 93, 94, 96], "excluded_lines": [], "start_line": 1, "executed_branches": [], "missing_branches": []}}}, "src\\debug_features.py": {"executed_lines": [], "summary": {"covered_lines": 0, "num_statements": 31, "percent_covered": 0.0, "percent_covered_display": "0.00", "missing_lines": 31, "excluded_lines": 0, "percent_statements_covered": 0.0, "percent_statements_covered_display": "0.00", "num_branches": 6, "num_partial_branches": 0, "covered_branches": 0, "missing_branches": 6, "percent_branches_covered": 0.0, "percent_branches_covered_display": "0.00"}, "missing_lines": [6, 8, 9, 11, 12, 15, 16, 17, 20, 21, 23, 24, 25, 28, 29, 30, 49, 51, 52, 53, 56, 57, 58, 59, 62, 63, 64, 65, 66, 67, 68], "excluded_lines": [], "executed_branches": [], "missing_branches": [[62, -1], [62, 63], [65, 66], [65, 67], [67, -1], [67, 68]], "functions": {"": {"executed_lines": [], "summary": {"covered_lines": 0, "num_statements": 31, "percent_covered": 0.0, "percent_covered_display": "0.00", "missing_lines": 31, "excluded_lines": 0, "percent_statements_covered": 0.0, "percent_statements_covered_display": "0.00", "num_branches": 6, "num_partial_branches": 0, "covered_branches": 0, "missing_branches": 6, "percent_branches_covered": 0.0, "percent_branches_covered_display": "0.00"}, "missing_lines": [6, 8, 9, 11, 12, 15, 16, 17, 20, 21, 23, 24, 25, 28, 29, 30, 49, 51, 52, 53, 56, 57, 58, 59, 62, 63, 64, 65, 66, 67, 68], "excluded_lines": [], "start_line": 1, "executed_branches": [], "missing_branches": [[62, -1], [62, 63], [65, 66], [65, 67], [67, -1], [67, 68]]}}, "classes": {"": {"executed_lines": [], "summary": {"covered_lines": 0, "num_statements": 31, "percent_covered": 0.0, "percent_covered_display": "0.00", "missing_lines": 31, "excluded_lines": 0, "percent_statements_covered": 0.0, "percent_statements_covered_display": "0.00", "num_branches": 6, "num_partial_branches": 0, "covered_branches": 0, "missing_branches": 6, "percent_branches_covered": 0.0, "percent_branches_covered_display": "0.00"}, "missing_lines": [6, 8, 9, 11, 12, 15, 16, 17, 20, 21, 23, 24, 25, 28, 29, 30, 49, 51, 52, 53, 56, 57, 58, 59, 62, 63, 64, 65, 66, 67, 68], "excluded_lines": [], "start_line": 1, "executed_branches": [], "missing_branches": [[62, -1], [62, 63], [65, 66], [65, 67], [67, -1], [67, 68]]}}}, "src\\feature_engineer.py": {"executed_lines": [2, 4, 6, 7, 8, 9, 10, 11, 12, 14, 25, 31, 139, 164, 194], "summary": {"covered_lines": 15, "num_statements": 78, "percent_covered": 15.625, "percent_covered_display": "15.62", "missing_lines": 63, "excluded_lines": 0, "percent_statements_covered": 19.23076923076923, "percent_statements_covered_display": "19.23", "num_branches": 18, "num_partial_branches": 0, "covered_branches": 0, "missing_branches": 18, "percent_branches_covered": 0.0, "percent_branches_covered_display": "0.00"}, "missing_lines": [40, 42, 43, 45, 46, 47, 48, 51, 57, 62, 63, 64, 66, 67, 72, 77, 82, 85, 88, 89, 94, 95, 97, 103, 104, 110, 123, 126, 127, 128, 130, 131, 133, 147, 148, 150, 151, 153, 154, 155, 156, 158, 159, 161, 178, 179, 181, 182, 184, 185, 187, 188, 200, 202, 203, 207, 208, 209, 211, 212, 215, 216, 218], "excluded_lines": [], "executed_branches": [], "missing_branches": [[42, 43], [42, 45], [47, 48], [47, 51], [88, 89], [88, 97], [130, 131], [130, 133], [147, 148], [147, 150], [150, 151], [150, 153], [154, 155], [154, 158], [178, 179], [178, 181], [207, 208], [207, 211]], "functions": {"calculate_technical_indicators": {"executed_lines": [], "summary": {"covered_lines": 0, "num_statements": 33, "percent_covered": 0.0, "percent_covered_display": "0.00", "missing_lines": 33, "excluded_lines": 0, "percent_statements_covered": 0.0, "percent_statements_covered_display": "0.00", "num_branches": 8, "num_partial_branches": 0, "covered_branches": 0, "missing_branches": 8, "percent_branches_covered": 0.0, "percent_branches_covered_display": "0.00"}, "missing_lines": [40, 42, 43, 45, 46, 47, 48, 51, 57, 62, 63, 64, 66, 67, 72, 77, 82, 85, 88, 89, 94, 95, 97, 103, 104, 110, 123, 126, 127, 128, 130, 131, 133], "excluded_lines": [], "start_line": 31, "executed_branches": [], "missing_branches": [[42, 43], [42, 45], [47, 48], [47, 51], [88, 89], [88, 97], [130, 131], [130, 133]]}, "get_rsi_quantile_thresholds": {"executed_lines": [], "summary": {"covered_lines": 0, "num_statements": 11, "percent_covered": 0.0, "percent_covered_display": "0.00", "missing_lines": 11, "excluded_lines": 0, "percent_statements_covered": 0.0, "percent_statements_covered_display": "0.00", "num_branches": 6, "num_partial_branches": 0, "covered_branches": 0, "missing_branches": 6, "percent_branches_covered": 0.0, "percent_branches_covered_display": "0.00"}, "missing_lines": [147, 148, 150, 151, 153, 154, 155, 156, 158, 159, 161], "excluded_lines": [], "start_line": 139, "executed_branches": [], "missing_branches": [[147, 148], [147, 150], [150, 151], [150, 153], [154, 155], [154, 158]]}, "apply_rsi_labels": {"executed_lines": [], "summary": {"covered_lines": 0, "num_statements": 8, "percent_covered": 0.0, "percent_covered_display": "0.00", "missing_lines": 8, "excluded_lines": 0, "percent_statements_covered": 0.0, "percent_statements_covered_display": "0.00", "num_branches": 2, "num_partial_branches": 0, "covered_branches": 0, "missing_branches": 2, "percent_branches_covered": 0.0, "percent_branches_covered_display": "0.00"}, "missing_lines": [178, 179, 181, 182, 184, 185, 187, 188], "excluded_lines": [], "start_line": 164, "executed_branches": [], "missing_branches": [[178, 179], [178, 181]]}, "normalize_features": {"executed_lines": [], "summary": {"covered_lines": 0, "num_statements": 11, "percent_covered": 0.0, "percent_covered_display": "0.00", "missing_lines": 11, "excluded_lines": 0, "percent_statements_covered": 0.0, "percent_statements_covered_display": "0.00", "num_branches": 2, "num_partial_branches": 0, "covered_branches": 0, "missing_branches": 2, "percent_branches_covered": 0.0, "percent_branches_covered_display": "0.00"}, "missing_lines": [200, 202, 203, 207, 208, 209, 211, 212, 215, 216, 218], "excluded_lines": [], "start_line": 194, "executed_branches": [], "missing_branches": [[207, 208], [207, 211]]}, "": {"executed_lines": [2, 4, 6, 7, 8, 9, 10, 11, 12, 14, 25, 31, 139, 164, 194], "summary": {"covered_lines": 15, "num_statements": 15, "percent_covered": 100.0, "percent_covered_display": "100.00", "missing_lines": 0, "excluded_lines": 0, "percent_statements_covered": 100.0, "percent_statements_covered_display": "100.00", "num_branches": 0, "num_partial_branches": 0, "covered_branches": 0, "missing_branches": 0, "percent_branches_covered": 100.0, "percent_branches_covered_display": "100.00"}, "missing_lines": [], "excluded_lines": [], "start_line": 1, "executed_branches": [], "missing_branches": []}}, "classes": {"": {"executed_lines": [2, 4, 6, 7, 8, 9, 10, 11, 12, 14, 25, 31, 139, 164, 194], "summary": {"covered_lines": 15, "num_statements": 78, "percent_covered": 15.625, "percent_covered_display": "15.62", "missing_lines": 63, "excluded_lines": 0, "percent_statements_covered": 19.23076923076923, "percent_statements_covered_display": "19.23", "num_branches": 18, "num_partial_branches": 0, "covered_branches": 0, "missing_branches": 18, "percent_branches_covered": 0.0, "percent_branches_covered_display": "0.00"}, "missing_lines": [40, 42, 43, 45, 46, 47, 48, 51, 57, 62, 63, 64, 66, 67, 72, 77, 82, 85, 88, 89, 94, 95, 97, 103, 104, 110, 123, 126, 127, 128, 130, 131, 133, 147, 148, 150, 151, 153, 154, 155, 156, 158, 159, 161, 178, 179, 181, 182, 184, 185, 187, 188, 200, 202, 203, 207, 208, 209, 211, 212, 215, 216, 218], "excluded_lines": [], "start_line": 1, "executed_branches": [], "missing_branches": [[42, 43], [42, 45], [47, 48], [47, 51], [88, 89], [88, 97], [130, 131], [130, 133], [147, 148], [147, 150], [150, 151], [150, 153], [154, 155], [154, 158], [178, 179], [178, 181], [207, 208], [207, 211]]}}}, "src\\main_api.py": {"executed_lines": [], "summary": {"covered_lines": 0, "num_statements": 31, "percent_covered": 0.0, "percent_covered_display": "0.00", "missing_lines": 31, "excluded_lines": 0, "percent_statements_covered": 0.0, "percent_statements_covered_display": "0.00", "num_branches": 2, "num_partial_branches": 0, "covered_branches": 0, "missing_branches": 2, "percent_branches_covered": 0.0, "percent_branches_covered_display": "0.00"}, "missing_lines": [1, 3, 4, 5, 7, 8, 9, 11, 12, 13, 15, 17, 18, 21, 22, 23, 26, 29, 30, 31, 34, 35, 38, 39, 40, 44, 46, 51, 57, 58, 61], "excluded_lines": [], "executed_branches": [], "missing_branches": [[39, 40], [39, 44]], "functions": {"root": {"executed_lines": [], "summary": {"covered_lines": 0, "num_statements": 1, "percent_covered": 0.0, "percent_covered_display": "0.00", "missing_lines": 1, "excluded_lines": 0, "percent_statements_covered": 0.0, "percent_statements_covered_display": "0.00", "num_branches": 0, "num_partial_branches": 0, "covered_branches": 0, "missing_branches": 0, "percent_branches_covered": 100.0, "percent_branches_covered_display": "100.00"}, "missing_lines": [31], "excluded_lines": [], "start_line": 30, "executed_branches": [], "missing_branches": []}, "login_for_access_token": {"executed_lines": [], "summary": {"covered_lines": 0, "num_statements": 6, "percent_covered": 0.0, "percent_covered_display": "0.00", "missing_lines": 6, "excluded_lines": 0, "percent_statements_covered": 0.0, "percent_statements_covered_display": "0.00", "num_branches": 2, "num_partial_branches": 0, "covered_branches": 0, "missing_branches": 2, "percent_branches_covered": 0.0, "percent_branches_covered_display": "0.00"}, "missing_lines": [38, 39, 40, 44, 46, 51], "excluded_lines": [], "start_line": 35, "executed_branches": [], "missing_branches": [[39, 40], [39, 44]]}, "read_users_me": {"executed_lines": [], "summary": {"covered_lines": 0, "num_statements": 1, "percent_covered": 0.0, "percent_covered_display": "0.00", "missing_lines": 1, "excluded_lines": 0, "percent_statements_covered": 0.0, "percent_statements_covered_display": "0.00", "num_branches": 0, "num_partial_branches": 0, "covered_branches": 0, "missing_branches": 0, "percent_branches_covered": 100.0, "percent_branches_covered_display": "100.00"}, "missing_lines": [61], "excluded_lines": [], "start_line": 58, "executed_branches": [], "missing_branches": []}, "": {"executed_lines": [], "summary": {"covered_lines": 0, "num_statements": 23, "percent_covered": 0.0, "percent_covered_display": "0.00", "missing_lines": 23, "excluded_lines": 0, "percent_statements_covered": 0.0, "percent_statements_covered_display": "0.00", "num_branches": 0, "num_partial_branches": 0, "covered_branches": 0, "missing_branches": 0, "percent_branches_covered": 100.0, "percent_branches_covered_display": "100.00"}, "missing_lines": [1, 3, 4, 5, 7, 8, 9, 11, 12, 13, 15, 17, 18, 21, 22, 23, 26, 29, 30, 34, 35, 57, 58], "excluded_lines": [], "start_line": 1, "executed_branches": [], "missing_branches": []}}, "classes": {"Token": {"executed_lines": [], "summary": {"covered_lines": 0, "num_statements": 0, "percent_covered": 100.0, "percent_covered_display": "100.00", "missing_lines": 0, "excluded_lines": 0, "percent_statements_covered": 100.0, "percent_statements_covered_display": "100.00", "num_branches": 0, "num_partial_branches": 0, "covered_branches": 0, "missing_branches": 0, "percent_branches_covered": 100.0, "percent_branches_covered_display": "100.00"}, "missing_lines": [], "excluded_lines": [], "start_line": 21, "executed_branches": [], "missing_branches": []}, "": {"executed_lines": [], "summary": {"covered_lines": 0, "num_statements": 31, "percent_covered": 0.0, "percent_covered_display": "0.00", "missing_lines": 31, "excluded_lines": 0, "percent_statements_covered": 0.0, "percent_statements_covered_display": "0.00", "num_branches": 2, "num_partial_branches": 0, "covered_branches": 0, "missing_branches": 2, "percent_branches_covered": 0.0, "percent_branches_covered_display": "0.00"}, "missing_lines": [1, 3, 4, 5, 7, 8, 9, 11, 12, 13, 15, 17, 18, 21, 22, 23, 26, 29, 30, 31, 34, 35, 38, 39, 40, 44, 46, 51, 57, 58, 61], "excluded_lines": [], "start_line": 1, "executed_branches": [], "missing_branches": [[39, 40], [39, 44]]}}}, "src\\model_manager.py": {"executed_lines": [], "summary": {"covered_lines": 0, "num_statements": 107, "percent_covered": 0.0, "percent_covered_display": "0.00", "missing_lines": 107, "excluded_lines": 0, "percent_statements_covered": 0.0, "percent_statements_covered_display": "0.00", "num_branches": 16, "num_partial_branches": 0, "covered_branches": 0, "missing_branches": 16, "percent_branches_covered": 0.0, "percent_branches_covered_display": "0.00"}, "missing_lines": [1, 3, 4, 5, 6, 7, 9, 10, 11, 12, 13, 14, 15, 16, 18, 20, 25, 32, 37, 38, 44, 52, 53, 55, 57, 58, 60, 62, 68, 69, 70, 71, 72, 73, 74, 76, 78, 79, 80, 86, 88, 89, 90, 102, 104, 111, 112, 119, 121, 123, 124, 125, 126, 132, 142, 144, 149, 151, 152, 154, 156, 157, 159, 166, 167, 168, 169, 176, 177, 178, 179, 181, 182, 184, 190, 194, 196, 197, 198, 199, 200, 201, 202, 204, 205, 207, 208, 210, 211, 212, 218, 242, 244, 245, 246, 247, 248, 250, 253, 256, 259, 261, 263, 264, 265, 266, 267], "excluded_lines": [], "executed_branches": [], "missing_branches": [[52, 53], [52, 55], [68, 69], [68, 76], [76, 78], [76, 132], [167, 168], [167, 176], [197, 198], [197, 204], [200, 201], [200, 204], [244, 245], [244, 250], [246, 247], [246, 248]], "functions": {"prepare_model_data": {"executed_lines": [], "summary": {"covered_lines": 0, "num_statements": 7, "percent_covered": 0.0, "percent_covered_display": "0.00", "missing_lines": 7, "excluded_lines": 0, "percent_statements_covered": 0.0, "percent_statements_covered_display": "0.00", "num_branches": 2, "num_partial_branches": 0, "covered_branches": 0, "missing_branches": 2, "percent_branches_covered": 0.0, "percent_branches_covered_display": "0.00"}, "missing_lines": [52, 53, 55, 57, 58, 60, 62], "excluded_lines": [], "start_line": 44, "executed_branches": [], "missing_branches": [[52, 53], [52, 55]]}, "ModelRegistry.__init__": {"executed_lines": [], "summary": {"covered_lines": 0, "num_statements": 2, "percent_covered": 0.0, "percent_covered_display": "0.00", "missing_lines": 2, "excluded_lines": 0, "percent_statements_covered": 0.0, "percent_statements_covered_display": "0.00", "num_branches": 0, "num_partial_branches": 0, "covered_branches": 0, "missing_branches": 0, "percent_branches_covered": 100.0, "percent_branches_covered_display": "100.00"}, "missing_lines": [80, 86], "excluded_lines": [], "start_line": 79, "executed_branches": [], "missing_branches": []}, "ModelRegistry._create_table": {"executed_lines": [], "summary": {"covered_lines": 0, "num_statements": 3, "percent_covered": 0.0, "percent_covered_display": "0.00", "missing_lines": 3, "excluded_lines": 0, "percent_statements_covered": 0.0, "percent_statements_covered_display": "0.00", "num_branches": 0, "num_partial_branches": 0, "covered_branches": 0, "missing_branches": 0, "percent_branches_covered": 100.0, "percent_branches_covered_display": "100.00"}, "missing_lines": [89, 90, 102], "excluded_lines": [], "start_line": 88, "executed_branches": [], "missing_branches": []}, "ModelRegistry.register_model": {"executed_lines": [], "summary": {"covered_lines": 0, "num_statements": 4, "percent_covered": 0.0, "percent_covered_display": "0.00", "missing_lines": 4, "excluded_lines": 0, "percent_statements_covered": 0.0, "percent_statements_covered_display": "0.00", "num_branches": 0, "num_partial_branches": 0, "covered_branches": 0, "missing_branches": 0, "percent_branches_covered": 100.0, "percent_branches_covered_display": "100.00"}, "missing_lines": [111, 112, 119, 121], "excluded_lines": [], "start_line": 104, "executed_branches": [], "missing_branches": []}, "ModelRegistry.latest": {"executed_lines": [], "summary": {"covered_lines": 0, "num_statements": 3, "percent_covered": 0.0, "percent_covered_display": "0.00", "missing_lines": 3, "excluded_lines": 0, "percent_statements_covered": 0.0, "percent_statements_covered_display": "0.00", "num_branches": 0, "num_partial_branches": 0, "covered_branches": 0, "missing_branches": 0, "percent_branches_covered": 100.0, "percent_branches_covered_display": "100.00"}, "missing_lines": [124, 125, 126], "excluded_lines": [], "start_line": 123, "executed_branches": [], "missing_branches": []}, "train_xgboost_model": {"executed_lines": [], "summary": {"covered_lines": 0, "num_statements": 20, "percent_covered": 0.0, "percent_covered_display": "0.00", "missing_lines": 20, "excluded_lines": 0, "percent_statements_covered": 0.0, "percent_statements_covered_display": "0.00", "num_branches": 2, "num_partial_branches": 0, "covered_branches": 0, "missing_branches": 2, "percent_branches_covered": 0.0, "percent_branches_covered_display": "0.00"}, "missing_lines": [142, 144, 149, 151, 152, 154, 156, 157, 159, 166, 167, 168, 169, 176, 177, 178, 179, 181, 182, 184], "excluded_lines": [], "start_line": 132, "executed_branches": [], "missing_branches": [[167, 168], [167, 176]]}, "load_trained_model": {"executed_lines": [], "summary": {"covered_lines": 0, "num_statements": 15, "percent_covered": 0.0, "percent_covered_display": "0.00", "missing_lines": 15, "excluded_lines": 0, "percent_statements_covered": 0.0, "percent_statements_covered_display": "0.00", "num_branches": 4, "num_partial_branches": 0, "covered_branches": 0, "missing_branches": 4, "percent_branches_covered": 0.0, "percent_branches_covered_display": "0.00"}, "missing_lines": [194, 196, 197, 198, 199, 200, 201, 202, 204, 205, 207, 208, 210, 211, 212], "excluded_lines": [], "start_line": 190, "executed_branches": [], "missing_branches": [[197, 198], [197, 204], [200, 201], [200, 204]]}, "make_predictions": {"executed_lines": [], "summary": {"covered_lines": 0, "num_statements": 16, "percent_covered": 0.0, "percent_covered_display": "0.00", "missing_lines": 16, "excluded_lines": 0, "percent_statements_covered": 0.0, "percent_statements_covered_display": "0.00", "num_branches": 4, "num_partial_branches": 0, "covered_branches": 0, "missing_branches": 4, "percent_branches_covered": 0.0, "percent_branches_covered_display": "0.00"}, "missing_lines": [242, 244, 245, 246, 247, 248, 250, 253, 256, 259, 261, 263, 264, 265, 266, 267], "excluded_lines": [], "start_line": 218, "executed_branches": [], "missing_branches": [[244, 245], [244, 250], [246, 247], [246, 248]]}, "": {"executed_lines": [], "summary": {"covered_lines": 0, "num_statements": 37, "percent_covered": 0.0, "percent_covered_display": "0.00", "missing_lines": 37, "excluded_lines": 0, "percent_statements_covered": 0.0, "percent_statements_covered_display": "0.00", "num_branches": 4, "num_partial_branches": 0, "covered_branches": 0, "missing_branches": 4, "percent_branches_covered": 0.0, "percent_branches_covered_display": "0.00"}, "missing_lines": [1, 3, 4, 5, 6, 7, 9, 10, 11, 12, 13, 14, 15, 16, 18, 20, 25, 32, 37, 38, 44, 68, 69, 70, 71, 72, 73, 74, 76, 78, 79, 88, 104, 123, 132, 190, 218], "excluded_lines": [], "start_line": 1, "executed_branches": [], "missing_branches": [[68, 69], [68, 76], [76, 78], [76, 132]]}}, "classes": {"ModelRegistry": {"executed_lines": [], "summary": {"covered_lines": 0, "num_statements": 12, "percent_covered": 0.0, "percent_covered_display": "0.00", "missing_lines": 12, "excluded_lines": 0, "percent_statements_covered": 0.0, "percent_statements_covered_display": "0.00", "num_branches": 0, "num_partial_branches": 0, "covered_branches": 0, "missing_branches": 0, "percent_branches_covered": 100.0, "percent_branches_covered_display": "100.00"}, "missing_lines": [80, 86, 89, 90, 102, 111, 112, 119, 121, 124, 125, 126], "excluded_lines": [], "start_line": 78, "executed_branches": [], "missing_branches": []}, "": {"executed_lines": [], "summary": {"covered_lines": 0, "num_statements": 95, "percent_covered": 0.0, "percent_covered_display": "0.00", "missing_lines": 95, "excluded_lines": 0, "percent_statements_covered": 0.0, "percent_statements_covered_display": "0.00", "num_branches": 16, "num_partial_branches": 0, "covered_branches": 0, "missing_branches": 16, "percent_branches_covered": 0.0, "percent_branches_covered_display": "0.00"}, "missing_lines": [1, 3, 4, 5, 6, 7, 9, 10, 11, 12, 13, 14, 15, 16, 18, 20, 25, 32, 37, 38, 44, 52, 53, 55, 57, 58, 60, 62, 68, 69, 70, 71, 72, 73, 74, 76, 78, 79, 88, 104, 123, 132, 142, 144, 149, 151, 152, 154, 156, 157, 159, 166, 167, 168, 169, 176, 177, 178, 179, 181, 182, 184, 190, 194, 196, 197, 198, 199, 200, 201, 202, 204, 205, 207, 208, 210, 211, 212, 218, 242, 244, 245, 246, 247, 248, 250, 253, 256, 259, 261, 263, 264, 265, 266, 267], "excluded_lines": [], "start_line": 1, "executed_branches": [], "missing_branches": [[52, 53], [52, 55], [68, 69], [68, 76], [76, 78], [76, 132], [167, 168], [167, 176], [197, 198], [197, 204], [200, 201], [200, 204], [244, 245], [244, 250], [246, 247], [246, 248]]}}}, "src\\model_registry.py": {"executed_lines": [], "summary": {"covered_lines": 0, "num_statements": 83, "percent_covered": 0.0, "percent_covered_display": "0.00", "missing_lines": 83, "excluded_lines": 3, "percent_statements_covered": 0.0, "percent_statements_covered_display": "0.00", "num_branches": 4, "num_partial_branches": 0, "covered_branches": 0, "missing_branches": 4, "percent_branches_covered": 0.0, "percent_branches_covered_display": "0.00"}, "missing_lines": [9, 11, 12, 13, 14, 15, 17, 18, 19, 21, 23, 26, 34, 35, 37, 38, 39, 40, 48, 49, 51, 57, 59, 61, 62, 63, 64, 65, 70, 71, 81, 82, 84, 85, 86, 88, 89, 90, 91, 92, 94, 99, 115, 116, 117, 118, 122, 128, 129, 130, 132, 140, 147, 148, 149, 150, 151, 152, 153, 154, 156, 162, 168, 169, 170, 171, 172, 173, 174, 175, 177, 186, 187, 188, 189, 190, 191, 192, 193, 194, 195, 201, 202], "excluded_lines": [41, 42, 43], "executed_branches": [], "missing_branches": [[62, -59], [62, 63], [88, 89], [88, 94]], "functions": {"ModelRegistry.__init__": {"executed_lines": [], "summary": {"covered_lines": 0, "num_statements": 5, "percent_covered": 0.0, "percent_covered_display": "0.00", "missing_lines": 5, "excluded_lines": 3, "percent_statements_covered": 0.0, "percent_statements_covered_display": "0.00", "num_branches": 0, "num_partial_branches": 0, "covered_branches": 0, "missing_branches": 0, "percent_branches_covered": 100.0, "percent_branches_covered_display": "100.00"}, "missing_lines": [35, 37, 38, 39, 40], "excluded_lines": [41, 42, 43], "start_line": 34, "executed_branches": [], "missing_branches": []}, "ModelRegistry.__enter__": {"executed_lines": [], "summary": {"covered_lines": 0, "num_statements": 1, "percent_covered": 0.0, "percent_covered_display": "0.00", "missing_lines": 1, "excluded_lines": 0, "percent_statements_covered": 0.0, "percent_statements_covered_display": "0.00", "num_branches": 0, "num_partial_branches": 0, "covered_branches": 0, "missing_branches": 0, "percent_branches_covered": 100.0, "percent_branches_covered_display": "100.00"}, "missing_lines": [49], "excluded_lines": [], "start_line": 48, "executed_branches": [], "missing_branches": []}, "ModelRegistry.__exit__": {"executed_lines": [], "summary": {"covered_lines": 0, "num_statements": 1, "percent_covered": 0.0, "percent_covered_display": "0.00", "missing_lines": 1, "excluded_lines": 0, "percent_statements_covered": 0.0, "percent_statements_covered_display": "0.00", "num_branches": 0, "num_partial_branches": 0, "covered_branches": 0, "missing_branches": 0, "percent_branches_covered": 100.0, "percent_branches_covered_display": "100.00"}, "missing_lines": [57], "excluded_lines": [], "start_line": 51, "executed_branches": [], "missing_branches": []}, "ModelRegistry.close": {"executed_lines": [], "summary": {"covered_lines": 0, "num_statements": 5, "percent_covered": 0.0, "percent_covered_display": "0.00", "missing_lines": 5, "excluded_lines": 0, "percent_statements_covered": 0.0, "percent_statements_covered_display": "0.00", "num_branches": 2, "num_partial_branches": 0, "covered_branches": 0, "missing_branches": 2, "percent_branches_covered": 0.0, "percent_branches_covered_display": "0.00"}, "missing_lines": [61, 62, 63, 64, 65], "excluded_lines": [], "start_line": 59, "executed_branches": [], "missing_branches": [[62, -59], [62, 63]]}, "ModelRegistry._ensure_table": {"executed_lines": [], "summary": {"covered_lines": 0, "num_statements": 3, "percent_covered": 0.0, "percent_covered_display": "0.00", "missing_lines": 3, "excluded_lines": 0, "percent_statements_covered": 0.0, "percent_statements_covered_display": "0.00", "num_branches": 0, "num_partial_branches": 0, "covered_branches": 0, "missing_branches": 0, "percent_branches_covered": 100.0, "percent_branches_covered_display": "100.00"}, "missing_lines": [71, 81, 82], "excluded_lines": [], "start_line": 70, "executed_branches": [], "missing_branches": []}, "ModelRegistry._row_to_dict": {"executed_lines": [], "summary": {"covered_lines": 0, "num_statements": 8, "percent_covered": 0.0, "percent_covered_display": "0.00", "missing_lines": 8, "excluded_lines": 0, "percent_statements_covered": 0.0, "percent_statements_covered_display": "0.00", "num_branches": 2, "num_partial_branches": 0, "covered_branches": 0, "missing_branches": 2, "percent_branches_covered": 0.0, "percent_branches_covered_display": "0.00"}, "missing_lines": [85, 86, 88, 89, 90, 91, 92, 94], "excluded_lines": [], "start_line": 84, "executed_branches": [], "missing_branches": [[88, 89], [88, 94]]}, "ModelRegistry.register_model": {"executed_lines": [], "summary": {"covered_lines": 0, "num_statements": 8, "percent_covered": 0.0, "percent_covered_display": "0.00", "missing_lines": 8, "excluded_lines": 0, "percent_statements_covered": 0.0, "percent_statements_covered_display": "0.00", "num_branches": 0, "num_partial_branches": 0, "covered_branches": 0, "missing_branches": 0, "percent_branches_covered": 100.0, "percent_branches_covered_display": "100.00"}, "missing_lines": [115, 116, 117, 118, 122, 128, 129, 130], "excluded_lines": [], "start_line": 99, "executed_branches": [], "missing_branches": []}, "ModelRegistry.get_model": {"executed_lines": [], "summary": {"covered_lines": 0, "num_statements": 9, "percent_covered": 0.0, "percent_covered_display": "0.00", "missing_lines": 9, "excluded_lines": 0, "percent_statements_covered": 0.0, "percent_statements_covered_display": "0.00", "num_branches": 0, "num_partial_branches": 0, "covered_branches": 0, "missing_branches": 0, "percent_branches_covered": 100.0, "percent_branches_covered_display": "100.00"}, "missing_lines": [140, 147, 148, 149, 150, 151, 152, 153, 154], "excluded_lines": [], "start_line": 132, "executed_branches": [], "missing_branches": []}, "ModelRegistry.list_models": {"executed_lines": [], "summary": {"covered_lines": 0, "num_statements": 9, "percent_covered": 0.0, "percent_covered_display": "0.00", "missing_lines": 9, "excluded_lines": 0, "percent_statements_covered": 0.0, "percent_statements_covered_display": "0.00", "num_branches": 0, "num_partial_branches": 0, "covered_branches": 0, "missing_branches": 0, "percent_branches_covered": 100.0, "percent_branches_covered_display": "100.00"}, "missing_lines": [162, 168, 169, 170, 171, 172, 173, 174, 175], "excluded_lines": [], "start_line": 156, "executed_branches": [], "missing_branches": []}, "ModelRegistry.delete_model": {"executed_lines": [], "summary": {"covered_lines": 0, "num_statements": 10, "percent_covered": 0.0, "percent_covered_display": "0.00", "missing_lines": 10, "excluded_lines": 0, "percent_statements_covered": 0.0, "percent_statements_covered_display": "0.00", "num_branches": 0, "num_partial_branches": 0, "covered_branches": 0, "missing_branches": 0, "percent_branches_covered": 100.0, "percent_branches_covered_display": "100.00"}, "missing_lines": [186, 187, 188, 189, 190, 191, 192, 193, 194, 195], "excluded_lines": [], "start_line": 177, "executed_branches": [], "missing_branches": []}, "create_registry": {"executed_lines": [], "summary": {"covered_lines": 0, "num_statements": 1, "percent_covered": 0.0, "percent_covered_display": "0.00", "missing_lines": 1, "excluded_lines": 0, "percent_statements_covered": 0.0, "percent_statements_covered_display": "0.00", "num_branches": 0, "num_partial_branches": 0, "covered_branches": 0, "missing_branches": 0, "percent_branches_covered": 100.0, "percent_branches_covered_display": "100.00"}, "missing_lines": [202], "excluded_lines": [], "start_line": 201, "executed_branches": [], "missing_branches": []}, "": {"executed_lines": [], "summary": {"covered_lines": 0, "num_statements": 23, "percent_covered": 0.0, "percent_covered_display": "0.00", "missing_lines": 23, "excluded_lines": 0, "percent_statements_covered": 0.0, "percent_statements_covered_display": "0.00", "num_branches": 0, "num_partial_branches": 0, "covered_branches": 0, "missing_branches": 0, "percent_branches_covered": 100.0, "percent_branches_covered_display": "100.00"}, "missing_lines": [9, 11, 12, 13, 14, 15, 17, 18, 19, 21, 23, 26, 34, 48, 51, 59, 70, 84, 99, 132, 156, 177, 201], "excluded_lines": [], "start_line": 1, "executed_branches": [], "missing_branches": []}}, "classes": {"ModelRegistry": {"executed_lines": [], "summary": {"covered_lines": 0, "num_statements": 59, "percent_covered": 0.0, "percent_covered_display": "0.00", "missing_lines": 59, "excluded_lines": 3, "percent_statements_covered": 0.0, "percent_statements_covered_display": "0.00", "num_branches": 4, "num_partial_branches": 0, "covered_branches": 0, "missing_branches": 4, "percent_branches_covered": 0.0, "percent_branches_covered_display": "0.00"}, "missing_lines": [35, 37, 38, 39, 40, 49, 57, 61, 62, 63, 64, 65, 71, 81, 82, 85, 86, 88, 89, 90, 91, 92, 94, 115, 116, 117, 118, 122, 128, 129, 130, 140, 147, 148, 149, 150, 151, 152, 153, 154, 162, 168, 169, 170, 171, 172, 173, 174, 175, 186, 187, 188, 189, 190, 191, 192, 193, 194, 195], "excluded_lines": [41, 42, 43], "start_line": 26, "executed_branches": [], "missing_branches": [[62, -59], [62, 63], [88, 89], [88, 94]]}, "": {"executed_lines": [], "summary": {"covered_lines": 0, "num_statements": 24, "percent_covered": 0.0, "percent_covered_display": "0.00", "missing_lines": 24, "excluded_lines": 0, "percent_statements_covered": 0.0, "percent_statements_covered_display": "0.00", "num_branches": 0, "num_partial_branches": 0, "covered_branches": 0, "missing_branches": 0, "percent_branches_covered": 100.0, "percent_branches_covered_display": "100.00"}, "missing_lines": [9, 11, 12, 13, 14, 15, 17, 18, 19, 21, 23, 26, 34, 48, 51, 59, 70, 84, 99, 132, 156, 177, 201, 202], "excluded_lines": [], "start_line": 1, "executed_branches": [], "missing_branches": []}}}, "src\\notification.py": {"executed_lines": [], "summary": {"covered_lines": 0, "num_statements": 47, "percent_covered": 0.0, "percent_covered_display": "0.00", "missing_lines": 47, "excluded_lines": 0, "percent_statements_covered": 0.0, "percent_statements_covered_display": "0.00", "num_branches": 6, "num_partial_branches": 0, "covered_branches": 0, "missing_branches": 6, "percent_branches_covered": 0.0, "percent_branches_covered_display": "0.00"}, "missing_lines": [2, 3, 4, 5, 7, 9, 12, 14, 15, 17, 18, 19, 21, 22, 23, 24, 25, 26, 27, 28, 29, 30, 31, 32, 35, 37, 38, 39, 40, 41, 43, 44, 45, 47, 48, 49, 50, 52, 53, 54, 55, 56, 57, 58, 59, 60, 61], "excluded_lines": [], "executed_branches": [], "missing_branches": [[17, 18], [17, 21], [25, 26], [25, 28], [43, 44], [43, 47]], "functions": {"send_telegram_notification": {"executed_lines": [], "summary": {"covered_lines": 0, "num_statements": 17, "percent_covered": 0.0, "percent_covered_display": "0.00", "missing_lines": 17, "excluded_lines": 0, "percent_statements_covered": 0.0, "percent_statements_covered_display": "0.00", "num_branches": 4, "num_partial_branches": 0, "covered_branches": 0, "missing_branches": 4, "percent_branches_covered": 0.0, "percent_branches_covered_display": "0.00"}, "missing_lines": [14, 15, 17, 18, 19, 21, 22, 23, 24, 25, 26, 27, 28, 29, 30, 31, 32], "excluded_lines": [], "start_line": 12, "executed_branches": [], "missing_branches": [[17, 18], [17, 21], [25, 26], [25, 28]]}, "send_email_notification": {"executed_lines": [], "summary": {"covered_lines": 0, "num_statements": 22, "percent_covered": 0.0, "percent_covered_display": "0.00", "missing_lines": 22, "excluded_lines": 0, "percent_statements_covered": 0.0, "percent_statements_covered_display": "0.00", "num_branches": 2, "num_partial_branches": 0, "covered_branches": 0, "missing_branches": 2, "percent_branches_covered": 0.0, "percent_branches_covered_display": "0.00"}, "missing_lines": [37, 38, 39, 40, 41, 43, 44, 45, 47, 48, 49, 50, 52, 53, 54, 55, 56, 57, 58, 59, 60, 61], "excluded_lines": [], "start_line": 35, "executed_branches": [], "missing_branches": [[43, 44], [43, 47]]}, "": {"executed_lines": [], "summary": {"covered_lines": 0, "num_statements": 8, "percent_covered": 0.0, "percent_covered_display": "0.00", "missing_lines": 8, "excluded_lines": 0, "percent_statements_covered": 0.0, "percent_statements_covered_display": "0.00", "num_branches": 0, "num_partial_branches": 0, "covered_branches": 0, "missing_branches": 0, "percent_branches_covered": 100.0, "percent_branches_covered_display": "100.00"}, "missing_lines": [2, 3, 4, 5, 7, 9, 12, 35], "excluded_lines": [], "start_line": 1, "executed_branches": [], "missing_branches": []}}, "classes": {"": {"executed_lines": [], "summary": {"covered_lines": 0, "num_statements": 47, "percent_covered": 0.0, "percent_covered_display": "0.00", "missing_lines": 47, "excluded_lines": 0, "percent_statements_covered": 0.0, "percent_statements_covered_display": "0.00", "num_branches": 6, "num_partial_branches": 0, "covered_branches": 0, "missing_branches": 6, "percent_branches_covered": 0.0, "percent_branches_covered_display": "0.00"}, "missing_lines": [2, 3, 4, 5, 7, 9, 12, 14, 15, 17, 18, 19, 21, 22, 23, 24, 25, 26, 27, 28, 29, 30, 31, 32, 35, 37, 38, 39, 40, 41, 43, 44, 45, 47, 48, 49, 50, 52, 53, 54, 55, 56, 57, 58, 59, 60, 61], "excluded_lines": [], "start_line": 1, "executed_branches": [], "missing_branches": [[17, 18], [17, 21], [25, 26], [25, 28], [43, 44], [43, 47]]}}}, "src\\notifier.py": {"executed_lines": [], "summary": {"covered_lines": 0, "num_statements": 74, "percent_covered": 0.0, "percent_covered_display": "0.00", "missing_lines": 74, "excluded_lines": 0, "percent_statements_covered": 0.0, "percent_statements_covered_display": "0.00", "num_branches": 16, "num_partial_branches": 0, "covered_branches": 0, "missing_branches": 16, "percent_branches_covered": 0.0, "percent_branches_covered_display": "0.00"}, "missing_lines": [2, 3, 4, 5, 6, 7, 8, 9, 11, 13, 16, 18, 19, 22, 25, 26, 27, 28, 29, 30, 31, 33, 35, 36, 37, 39, 40, 41, 43, 44, 46, 47, 49, 50, 51, 52, 53, 54, 55, 56, 57, 58, 59, 61, 62, 65, 67, 68, 69, 70, 71, 73, 74, 75, 77, 78, 79, 80, 82, 83, 84, 85, 86, 87, 88, 89, 90, 91, 92, 93, 94, 95, 97, 98], "excluded_lines": [], "executed_branches": [], "missing_branches": [[35, 36], [35, 39], [39, 40], [39, 43], [43, 44], [43, 46], [49, 50], [49, 62], [56, 57], [56, 61], [73, 
[...]
ed_branches": [], "missing_branches": [[87, 88], [87, 89]]}, "": {"executed_lines": [], "summary": {"covered_lines": 0, "num_statements": 30, "percent_covered": 0.0, "percent_covered_display": "0.00", "missing_lines": 30, "excluded_lines": 0, "percent_statements_covered": 0.0, "percent_statements_covered_display": "0.00", "num_branches": 0, "num_partial_branches": 0, "covered_branches": 0, "missing_branches": 0, "percent_branches_covered": 100.0, "percent_branches_covered_display": "100.00"}, "missing_lines": [2, 4, 5, 6, 8, 9, 10, 12, 14, 20, 32, 33, 34, 35, 36, 39, 42, 45, 48, 49, 51, 52, 58, 59, 68, 69, 74, 75, 83, 84], "excluded_lines": [], "start_line": 1, "executed_branches": [], "missing_branches": []}}, "classes": {"TradeBase": {"executed_lines": [], "summary": {"covered_lines": 0, "num_statements": 0, "percent_covered": 100.0, "percent_covered_display": "100.00", "missing_lines": 0, "excluded_lines": 0, "percent_statements_covered": 100.0, "percent_statements_covered_display": "100.00", "num_branches": 0, "num_partial_branches": 0, "covered_branches": 0, "missing_branches": 0, "percent_branches_covered": 100.0, "percent_branches_covered_display": "100.00"}, "missing_lines": [], "excluded_lines": [], "start_line": 32, "executed_branches": [], "missing_branches": []}, "TradeCreate": {"executed_lines": [], "summary": {"covered_lines": 0, "num_statements": 0, "percent_covered": 100.0, "percent_covered_display": "100.00", "missing_lines": 0, "excluded_lines": 0, "percent_statements_covered": 100.0, "percent_statements_covered_display": "100.00", "num_branches": 0, "num_partial_branches": 0, "covered_branches": 0, "missing_branches": 0, "percent_branches_covered": 100.0, "percent_branches_covered_display": "100.00"}, "missing_lines": [], "excluded_lines": [], "start_line": 39, "executed_branches": [], "missing_branches": []}, "TradeRead": {"executed_lines": [], "summary": {"covered_lines": 0, "num_statements": 0, "percent_covered": 100.0, "percent_covered_display": "100.00", "missing_lines": 0, "excluded_lines": 0, "percent_statements_covered": 100.0, "percent_statements_covered_display": "100.00", "num_branches": 0, "num_partial_branches": 0, "covered_branches": 0, "missing_branches": 0, "percent_branches_covered": 100.0, "percent_branches_covered_display": "100.00"}, "missing_lines": [], "excluded_lines": [], "start_line": 45, "executed_branches": [], "missing_branches": []}, "TradeRead.Config": {"executed_lines": [], "summary": {"covered_lines": 0, "num_statements": 0, "percent_covered": 100.0, "percent_covered_display": "100.00", "missing_lines": 0, "excluded_lines": 0, "percent_statements_covered": 100.0, "percent_statements_covered_display": "100.00", "num_branches": 0, "num_partial_branches": 0, "covered_branches": 0, "missing_branches": 0, "percent_branches_covered": 100.0, "percent_branches_covered_display": "100.00"}, "missing_lines": [], "excluded_lines": [], "start_line": 51, "executed_branches": [], "missing_branches": []}, "": {"executed_lines": [], "summary": {"covered_lines": 0, "num_statements": 50, "percent_covered": 0.0, "percent_covered_display": "0.00", "missing_lines": 50, "excluded_lines": 0, "percent_statements_covered": 0.0, "percent_statements_covered_display": "0.00", "num_branches": 4, "num_partial_branches": 0, "covered_branches": 0, "missing_branches": 4, "percent_branches_covered": 0.0, "percent_branches_covered_display": "0.00"}, "missing_lines": [2, 4, 5, 6, 8, 9, 10, 12, 14, 20, 22, 23, 24, 26, 32, 33, 34, 35, 36, 39, 42, 45, 48, 49, 51, 52, 58, 59, 61, 62, 63, 64, 65, 68, 69, 71, 74, 75, 77, 78, 79, 80, 83, 84, 86, 87, 88, 89, 90, 91], "excluded_lines": [], "start_line": 1, "executed_branches": [], "missing_branches": [[78, 79], [78, 80], [87, 88], [87, 89]]}}}, "src\\settings.py": {"executed_lines": [2, 4, 5, 6, 8, 10, 13, 14, 15, 17, 20, 21, 22, 26, 27, 34, 35, 39, 44, 49, 50, 51, 56, 57, 60, 63, 67, 80], "summary": {"covered_lines": 28, "num_statements": 40, "percent_covered": 57.407407407407405, "percent_covered_display": "57.41", "missing_lines": 12, "excluded_lines": 0, "percent_statements_covered": 70.0, "percent_statements_covered_display": "70.00", "num_branches": 14, "num_partial_branches": 3, "covered_branches": 3, "missing_branches": 11, "percent_branches_covered": 21.428571428571427, "percent_branches_covered_display": "21.43"}, "missing_lines": [16, 23, 24, 25, 28, 29, 68, 69, 71, 72, 74, 75], "excluded_lines": [], "executed_branches": [[15, 17], [22, 26], [67, -63]], "missing_branches": [[15, 16], [22, 23], [23, 24], [23, 25], [67, 68], [68, 69], [68, 71], [71, 72], [71, 74], [74, -63], [74, 75]], "functions": {"_get_env": {"executed_lines": [14, 15, 17], "summary": {"covered_lines": 3, "num_statements": 4, "percent_covered": 66.66666666666667, "percent_covered_display": "66.67", "missing_lines": 1, "excluded_lines": 0, "percent_statements_covered": 75.0, "percent_statements_covered_display": "75.00", "num_branches": 2, "num_partial_branches": 1, "covered_branches": 1, "missing_branches": 1, "percent_branches_covered": 50.0, "percent_branches_covered_display": "50.00"}, "missing_lines": [16], "excluded_lines": [], "start_line": 13, "executed_branches": [[15, 17]], "missing_branches": [[15, 16]]}, "_get_env_int": {"executed_lines": [21, 22, 26, 27], "summary": {"covered_lines": 4, "num_statements": 9, "percent_covered": 38.46153846153846, "percent_covered_display": "38.46", "missing_lines": 5, "excluded_lines": 0, "percent_statements_covered": 44.44444444444444, "percent_statements_covered_display": "44.44", "num_branches": 4, "num_partial_branches": 1, "covered_branches": 1, "missing_branches": 3, "percent_branches_covered": 25.0, "percent_branches_covered_display": "25.00"}, "missing_lines": [23, 24, 25, 28, 29], "excluded_lines": [], "start_line": 20, "executed_branches": [[22, 26]], "missing_branches": [[22, 23], [23, 24], [23, 25]]}, "_validate_settings": {"executed_lines": [67], "summary": {"covered_lines": 1, "num_statements": 7, "percent_covered": 13.333333333333334, "percent_covered_display": "13.33", "missing_lines": 6, "excluded_lines": 0, "percent_statements_covered": 14.285714285714286, "percent_statements_covered_display": "14.29", "num_branches": 8, "num_partial_branches": 1, "covered_branches": 1, "missing_branches": 7, "percent_branches_covered": 12.5, "percent_branches_covered_display": "12.50"}, "missing_lines": [68, 69, 71, 72, 74, 75], "excluded_lines": [], "start_line": 63, "executed_branches": [[67, -63]], "missing_branches": [[67, 68], [68, 69], [68, 71], [71, 72], [71, 74], [74, -63], [74, 75]]}, "": {"executed_lines": [2, 4, 5, 6, 8, 10, 13, 20, 34, 35, 39, 44, 49, 50, 51, 56, 57, 60, 63, 80], "summary": {"covered_lines": 20, "num_statements": 20, "percent_covered": 100.0, "percent_covered_display": "100.00", "missing_lines": 0, "excluded_lines": 0, "percent_statements_covered": 100.0, "percent_statements_covered_display": "100.00", "num_branches": 0, "num_partial_branches": 0, "covered_branches": 0, "missing_branches": 0, "percent_branches_covered": 100.0, "percent_branches_covered_display": "100.00"}, "missing_lines": [], "excluded_lines": [], "start_line": 1, "executed_branches": [], "missing_branches": []}}, "classes": {"Settings": {"executed_lines": [], "summary": {"covered_lines": 0, "num_statements": 0, "percent_covered": 100.0, "percent_covered_display": "100.00", "missing_lines": 0, "excluded_lines": 0, "percent_statements_covered": 100.0, "percent_statements_covered_display": "100.00", "num_branches": 0, "num_partial_branches": 0, "covered_branches": 0, "missing_branches": 0, "percent_branches_covered": 100.0, "percent_branches_covered_display": "100.00"}, "missing_lines": [], "excluded_lines": [], "start_line": 35, "executed_branches": [], "missing_branches": []}, "": {"executed_lines": [2, 4, 5, 6, 8, 10, 13, 14, 15, 17, 20, 21, 22, 26, 27, 34, 35, 39, 44, 49, 50, 51, 56, 57, 60, 63, 67, 80], "summary": {"covered_lines": 28, "num_statements": 40, "percent_covered": 57.407407407407405, "percent_covered_display": "57.41", "missing_lines": 12, "excluded_lines": 0, "percent_statements_covered": 70.0, "percent_statements_covered_display": "70.00", "num_branches": 14, "num_partial_branches": 3, "covered_branches": 3, "missing_branches": 11, "percent_branches_covered": 21.428571428571427, "percent_branches_covered_display": "21.43"}, "missing_lines": [16, 23, 24, 25, 28, 29, 68, 69, 71, 72, 74, 75], "excluded_lines": [], "start_line": 1, "executed_branches": [[15, 17], [22, 26], [67, -63]], "missing_branches": [[15, 16], [22, 23], [23, 24], [23, 25], [67, 68], [68, 69], [68, 71], [71, 72], [71, 74], [74, -63], [74, 75]]}}}, "src\\streamlit_app.py": {"executed_lines": [], "summary": {"covered_lines": 0, "num_statements": 91, "percent_covered": 0.0, "percent_covered_display": "0.00", "missing_lines": 91, "excluded_lines": 0, "percent_statements_covered": 0.0, "percent_statements_covered_display": "0.00", "num_branches": 18, "num_partial_branches": 0, "covered_branches": 0, "missing_branches": 18, "percent_branches_covered": 0.0, "percent_branches_covered_display": "0.00"}, "missing_lines": [1, 2, 3, 5, 6, 7, 10, 11, 14, 15, 16, 17, 18, 20, 21, 22, 23, 25, 38, 41, 44, 65, 68, 69, 71, 72, 74, 75, 76, 77, 78, 80, 83, 84, 85, 86, 87, 88, 91, 93, 94, 95, 96, 97, 98, 100, 101, 102, 104, 105, 106, 108, 109, 110, 112, 121, 122, 124, 125, 126, 127, 128, 130, 132, 133, 134, 135, 137, 139, 140, 143, 144, 145, 146, 147, 148, 151, 160, 161, 163, 174, 184, 185, 187, 190, 193, 194, 198, 199, 209, 218], "excluded_lines": [], "executed_branches": [], "missing_branches": [[69, 71], [69, 83], [84, 85], [84, 91], [97, 98], [97, 100], [100, 101], [100, 124], [101, 102], [101, 104], [126, 127], [126, 139], [127, 128], [127, 137], [144, 145], [144, 174], [184, 185], [184, 187]], "functions": {"get_model": {"executed_lines": [], "summary": {"covered_lines": 0, "num_statements": 5, "percent_covered": 0.0, "percent_covered_display": "0.00", "missing_lines": 5, "excluded_lines": 0, "percent_statements_covered": 0.0, "percent_statements_covered_display": "0.00", "num_branches": 0, "num_partial_branches": 0, "covered_branches": 0, "missing_branches": 0, "percent_branches_covered": 100.0, "percent_branches_covered_display": "100.00"}, "missing_lines": [74, 75, 76, 77, 78], "excluded_lines": [], "start_line": 72, "executed_branches": [], "missing_branches": []}, "": {"executed_lines": [], "summary": {"covered_lines": 0, "num_statements": 86, "percent_covered": 0.0, "percent_covered_display": "0.00", "missing_lines": 86, "excluded_lines": 0, "percent_statements_covered": 0.0, "percent_statements_covered_display": "0.00", "num_branches": 18, "num_partial_branches": 0, "covered_branches": 0, "missing_branches": 18, "percent_branches_covered": 0.0, "percent_branches_covered_display": "0.00"}, "missing_lines": [1, 2, 3, 5, 6, 7, 10, 11, 14, 15, 16, 17, 18, 20, 21, 22, 23, 25, 38, 41, 44, 65, 68, 69, 71, 72, 80, 83, 84, 85, 86, 87, 88, 91, 93, 94, 95, 96, 97, 98, 100, 101, 102, 104, 105, 106, 108, 109, 110, 112, 121, 122, 124, 125, 126, 127, 128, 130, 132, 133, 134, 135, 137, 139, 140, 143, 144, 145, 146, 147, 148, 151, 160, 161, 163, 174, 184, 185, 187, 190, 193, 194, 198, 199, 209, 218], "excluded_lines": [], "start_line": 1, "executed_branches": [], "missing_branches": [[69, 71], [69, 83], [84, 85], [84, 91], [97, 98], [97, 100], [100, 101], [100, 124], [101, 102], [101, 104], [126, 127], [126, 139], [127, 128], [127, 137], [144, 145], [144, 174], [184, 185], [184, 187]]}}, "classes": {"": {"executed_lines": [], "summary": {"covered_lines": 0, "num_statements": 91, "percent_covered": 0.0, "percent_covered_display": "0.00", "missing_lines": 91, "excluded_lines": 0, "percent_statements_covered": 0.0, "percent_statements_covered_display": "0.00", "num_branches": 18, "num_partial_branches": 0, "covered_branches": 0, "missing_branches": 18, "percent_branches_covered": 0.0, "percent_branches_covered_display": "0.00"}, "missing_lines": [1, 2, 3, 5, 6, 7, 10, 11, 14, 15, 16, 17, 18, 20, 21, 22, 23, 25, 38, 41, 44, 65, 68, 69, 71, 72, 74, 75, 76, 77, 78, 80, 83, 84, 85, 86, 87, 88, 91, 93, 94, 95, 96, 97, 98, 100, 101, 102, 104, 105, 106, 108, 109, 110, 112, 121, 122, 124, 125, 126, 127, 128, 130, 132, 133, 134, 135, 137, 139, 140, 143, 144, 145, 146, 147, 148, 151, 160, 161, 163, 174, 184, 185, 187, 190, 193, 194, 198, 199, 209, 218], "excluded_lines": [], "start_line": 1, "executed_branches": [], "missing_branches": [[69, 71], [69, 83], [84, 85], [84, 91], [97, 98], [97, 100], [100, 101], [100, 124], [101, 102], [101, 104], [126, 127], [126, 139], [127, 128], [127, 137], [144, 145], [144, 174], [184, 185], [184, 187]]}}}, "src\\visualizer.py": {"executed_lines": [], "summary": {"covered_lines": 0, "num_statements": 63, "percent_covered": 0.0, "percent_covered_display": "0.00", "missing_lines": 63, "excluded_lines": 0, "percent_statements_covered": 0.0, "percent_statements_covered_display": "0.00", "num_branches": 32, "num_partial_branches": 0, "covered_branches": 0, "missing_branches": 32, "percent_branches_covered": 0.0, "percent_branches_covered_display": "0.00"}, "missing_lines": [3, 5, 6, 7, 10, 31, 32, 33, 34, 37, 55, 71, 72, 83, 94, 95, 108, 109, 120, 121, 134, 135, 136, 137, 149, 150, 151, 163, 166, 180, 181, 193, 201, 209, 211, 212, 225, 226, 238, 258, 261, 262, 263, 264, 270, 271, 272, 273, 274, 278, 282, 286, 287, 288, 290, 292, 300, 317, 318, 319, 321, 322, 323], "excluded_lines": [], "executed_branches": [], "missing_branches": [[32, 33], [32, 37], [71, 72], [71, 94], [94, 95], [94, 108], [108, 109], [108, 120], [120, 121], [120, 134], [134, 135], [134, 163], [136, 137], [136, 149], [150, 151], [150, 166], [180, 181], [180, 211], [211, 212], [211, 225], [225, 226], [225, 238], [261, 262], [261, 317], [272, 273], [272, 290], [273, 274], [273, 288], [274, 273], [274, 278], [286, 273], [286, 287]], "functions": {"visualize_trading_results": {"executed_lines": [], "summary": {"covered_lines": 0, "num_statements": 58, "percent_covered": 0.0, "percent_covered_display": "0.00", "missing_lines": 58, "excluded_lines": 0, "percent_statements_covered": 0.0, "percent_statements_covered_display": "0.00", "num_branches": 32, "num_partial_branches": 0, "covered_branches": 0, "missing_branches": 32, "percent_branches_covered": 0.0, "percent_branches_covered_display": "0.00"}, "missing_lines": [31, 32, 33, 34, 37, 55, 71, 72, 83, 94, 95, 108, 109, 120, 121, 134, 135, 136, 137, 149, 150, 151, 163, 166, 180, 181, 193, 201, 209, 211, 212, 225, 226, 238, 258, 261, 262, 263, 264, 270, 271, 272, 273, 274, 278, 282, 286, 287, 288, 290, 292, 300, 317, 318, 319, 321, 322, 323], "excluded_lines": [], "start_line": 10, "executed_branches": [], "missing_branches": [[32, 33], [32, 37], [71, 72], [71, 94], [94, 95], [94, 108], [108, 109], [108, 120], [120, 121], [120, 134], [134, 135], [134, 163], [136, 137], [136, 149], [150, 151], [150, 166], [180, 181], [180, 211], [211, 212], [211, 225], [225, 226], [225, 238], [261, 262], [261, 317], [272, 273], [272, 290], [273, 274], [273, 288], [274, 273], [274, 278], [286, 273], [286, 287]]}, "": {"executed_lines": [], "summary": {"covered_lines": 0, "num_statements": 5, "percent_covered": 0.0, "percent_covered_display": "0.00", "missing_lines": 5, "excluded_lines": 0, "percent_statements_covered": 0.0, "percent_statements_covered_display": "0.00", "num_branches": 0, "num_partial_branches": 0, "covered_branches": 0, "missing_branches": 0, "percent_branches_covered": 100.0, "percent_branches_covered_display": "100.00"}, "missing_lines": [3, 5, 6, 7, 10], "excluded_lines": [], "start_line": 1, "executed_branches": [], "missing_branches": []}}, "classes": {"": {"executed_lines": [], "summary": {"covered_lines": 0, "num_statements": 63, "percent_covered": 0.0, "percent_covered_display": "0.00", "missing_lines": 63, "excluded_lines": 0, "percent_statements_covered": 0.0, "percent_statements_covered_display": "0.00", "num_branches": 32, "num_partial_branches": 0, "covered_branches": 0, "missing_branches": 32, "percent_branches_covered": 0.0, "percent_branches_covered_display": "0.00"}, "missing_lines": [3, 5, 6, 7, 10, 31, 32, 33, 34, 37, 55, 71, 72, 83, 94, 95, 108, 109, 120, 121, 134, 135, 136, 137, 149, 150, 151, 163, 166, 180, 181, 193, 201, 209, 211, 212, 225, 226, 238, 258, 261, 262, 263, 264, 270, 271, 272, 273, 274, 278, 282, 286, 287, 288, 290, 292, 300, 317, 318, 319, 321, 322, 323], "excluded_lines": [], "start_line": 1, "executed_branches": [], "missing_branches": [[32, 33], [32, 37], [71, 72], [71, 94], [94, 95], [94, 108], [108, 109], [108, 120], [120, 121], [120, 134], [134, 135], [134, 163], [136, 137], [136, 149], [150, 151], [150, 166], [180, 181], [180, 211], [211, 212], [211, 225], [225, 226], [225, 238], [261, 262], [261, 317], [272, 273], [272, 290], [273, 274], [273, 288], [274, 273], [274, 278], [286, 273], [286, 287]]}}}, "src\\wait_for_postgres.py": {"executed_lines": [], "summary": {"covered_lines": 0, "num_statements": 19, "percent_covered": 0.0, "percent_covered_display": "0.00", "missing_lines": 19, "excluded_lines": 0, "percent_statements_covered": 0.0, "percent_statements_covered_display": "0.00", "num_branches": 6, "num_partial_branches": 0, "covered_branches": 0, "missing_branches": 6, "percent_branches_covered": 0.0, "percent_branches_covered_display": "0.00"}, "missing_lines": [2, 3, 5, 6, 8, 11, 26, 27, 29, 30, 31, 32, 33, 34, 35, 36, 37, 38, 40], "excluded_lines": [], "executed_branches": [], "missing_branches": [[26, 27], [26, 29], [29, 30], [29, 40], [37, 29], [37, 38]], "functions": {"wait_for_postgres": {"executed_lines": [], "summary": {"covered_lines": 0, "num_statements": 13, "percent_covered": 0.0, "percent_covered_display": "0.00", "missing_lines": 13, "excluded_lines": 0, "percent_statements_covered": 0.0, "percent_statements_covered_display": "0.00", "num_branches": 6, "num_partial_branches": 0, "covered_branches": 0, "missing_branches": 6, "percent_branches_covered": 0.0, "percent_branches_covered_display": "0.00"}, "missing_lines": [26, 27, 29, 30, 31, 32, 33, 34, 35, 36, 37, 38, 40], "excluded_lines": [], "start_line": 11, "executed_branches": [], "missing_branches": [[26, 27], [26, 29], [29, 30], [29, 40], [37, 29], [37, 38]]}, "": {"executed_lines": [], "summary": {"covered_lines": 0, "num_statements": 6, "percent_covered": 0.0, "percent_covered_display": "0.00", "missing_lines": 6, "excluded_lines": 0, "percent_statements_covered": 0.0, "percent_statements_covered_display": "0.00", "num_branches": 0, "num_partial_branches": 0, "covered_branches": 0, "missing_branches": 0, "percent_branches_covered": 100.0, "percent_branches_covered_display": "100.00"}, "missing_lines": [2, 3, 5, 6, 8, 11], "excluded_lines": [], "start_line": 1, "executed_branches": [], "missing_branches": []}}, "classes": {"": {"executed_lines": [], "summary": {"covered_lines": 0, "num_statements": 19, "percent_covered": 0.0, "percent_covered_display": "0.00", "missing_lines": 19, "excluded_lines": 0, "percent_statements_covered": 0.0, "percent_statements_covered_display": "0.00", "num_branches": 6, "num_partial_branches": 0, "covered_branches": 0, "missing_branches": 6, "percent_branches_covered": 0.0, "percent_branches_covered_display": "0.00"}, "missing_lines": [2, 3, 5, 6, 8, 11, 26, 27, 29, 30, 31, 32, 33, 34, 35, 36, 37, 38, 40], "excluded_lines": [], "start_line": 1, "executed_branches": [], "missing_branches": [[26, 27], [26, 29], [29, 30], [29, 40], [37, 29], [37, 38]]}}}}, "totals": {"covered_lines": 189, "num_statements": 1349, "percent_covered": 12.288401253918495, "percent_covered_display": "12.29", "missing_lines": 1160, "excluded_lines": 11, "percent_statements_covered": 14.010378057820608, "percent_statements_covered_display": "14.01", "num_branches": 246, "num_partial_branches": 5, "covered_branches": 7, "missing_branches": 239, "percent_branches_covered": 2.845528455284553, "percent_branches_covered_display": "2.85"}}